0 
0 
0 
0 
0 
0 
0 
0 
0 
0 
20 168 110 259 137 285 129 91 282 121 27 22 269 70 16 250 142 251 1 77 175 
0 
0 
0 
0 
0 
0 
0 
17 249 299 62 105 245 29 239 295 61 140 10 181 182 66 279 270 278 
0 
0 
0 
0 
0 
18 87 103 133 273 63 224 244 111 23 76 131 45 292 176 262 123 9 274 
0 
0 
0 
0 
0 
0 
0 
0 
0 
0 
0 
0 
0 
6 60 157 163 219 192 215 
0 
3 253 195 67 
17 184 134 13 15 38 79 96 40 68 117 237 42 5 255 152 233 173 
0 
10 246 220 263 64 236 118 248 106 154 37 
5 198 3 35 78 288 
0 
0 
0 
0 
0 
0 
0 
0 
0 
0 
0 
0 
0 
0 
0 
0 
0 
0 
0 
0 
0 
0 
0 
0 
0 
0 
1 216 
0 
0 
1 167 
1 180 
0 
0 
1 54 
0 
0 
10 7 24 74 222 268 298 287 289 297 240 
2 0 116 
8 200 14 86 177 98 223 59 206 
15 164 162 92 171 53 102 271 160 93 201 196 141 256 293 257 
0 
13 159 193 187 39 204 26 170 83 20 155 100 194 94 
0 
18 85 80 210 290 125 166 284 254 89 190 81 199 242 252 186 135 211 151 
0 
17 99 8 127 18 19 281 241 82 243 283 139 266 145 17 47 143 153 
0 
19 108 4 203 58 144 267 226 277 172 50 258 147 25 291 31 55 43 69 247 
18 296 72 286 136 150 156 188 128 146 207 197 90 124 264 104 231 46 49 
20 275 88 161 227 56 57 113 174 122 11 6 235 205 115 280 120 229 189 169 2 
0 
19 41 148 260 107 213 230 28 185 191 73 101 112 12 30 97 178 52 132 183 
17 34 75 95 225 261 21 32 217 158 109 48 119 265 228 272 84 165 
0 
18 212 294 276 218 44 232 214 202 209 114 138 238 51 71 126 208 149 130 
