19 8703 1860 9543 9696 3921 8445 2675 6932 1871 5117 748 904 5691 4551 8910 6715 7311 1318 4641 
11 6160 1635 8254 4409 1023 4427 8899 9280 5294 9334 1929 
10 375 7575 7658 6097 3978 7154 9717 9753 2755 2909 
7 7140 4200 3263 4410 6034 1817 5370 
12 4882 6924 332 572 9165 74 8620 8749 6308 7832 2454 1344 
7 4214 7346 4219 6858 5969 9304 8012 
21 6198 2436 41 8868 9100 2394 3657 8182 7220 964 5483 1811 5266 7159 1112 5499 5485 818 6288 7281 4077 
10 3826 7372 318 617 4605 9424 7592 852 8673 6686 
19 6189 6786 4080 1685 9645 7197 4634 8871 2037 3201 7708 5326 337 4600 1801 6573 2289 8870 8222 
12 8564 2293 5025 7737 8128 5495 3904 599 1861 3489 1885 773 
19 2941 8376 9012 8915 3502 5837 4879 1220 7493 215 2319 5810 5696 1434 7919 289 4976 7410 2516 
15 1353 8699 1054 4028 2981 5486 7962 5840 6992 7963 3260 3571 1652 5446 1881 
10 3149 7129 9627 1986 9179 843 9837 2621 1834 7206 
19 4618 8736 2511 8338 8133 354 4089 6056 736 6486 4345 1730 1927 7427 3641 9259 9131 6461 6632 
20 5860 8458 8462 3411 9735 3746 9238 6839 5582 2978 5747 3639 2475 7756 5544 9129 6210 8710 8925 966 
14 5875 7379 3261 5064 5278 9848 9423 1975 1754 4994 317 8211 6060 2650 
18 5615 6741 4875 8772 986 91 454 8383 4547 7720 9161 7850 7577 3405 9811 8941 9916 7348 
9 3409 4910 1640 6966 2288 3327 8363 8862 8238 
17 9733 1489 5920 1686 1160 1532 6378 4620 5675 5416 7264 8765 3745 1536 9387 8718 2318 
8 7318 8967 8090 5150 1677 7111 4683 7820 
12 6900 6752 7637 5712 4704 2355 8506 3225 9797 3611 8582 9747 
12 6633 6159 6327 2799 1319 9126 6817 316 796 8527 7565 9719 
16 4687 9851 5205 2216 2937 9889 382 9462 2462 5152 7478 955 5159 6585 8057 5672 
20 6952 7104 5996 4502 6316 2686 3435 1864 1368 1534 6608 8680 9034 6071 7290 6373 3987 7356 8535 410 
13 8184 8296 4722 1592 1217 3078 1026 7378 7765 3015 4811 707 976 
16 3693 1530 5017 6729 8094 2648 2228 1308 8841 7528 2569 9921 2606 234 2243 4846 
14 8204 1100 5120 6764 9182 646 3530 7502 6692 972 2267 829 7841 1022 
17 9675 2538 2495 483 7494 9263 230 7701 3052 2263 5331 4797 8626 438 9396 6271 3618 
15 372 1593 9320 8157 7277 772 7562 8494 2309 4443 1926 27 3649 4193 3207 
11 1776 699 9602 6338 9795 4659 6630 4802 6583 7459 5723 
7 9888 1323 9469 3840 3215 461 1855 
11 5237 1995 9575 7882 9101 4498 7149 4746 9348 2177 4891 
10 4693 9845 8085 241 2706 4282 8007 5730 1901 6753 
12 6150 6475 4652 6274 3731 3328 278 7914 2274 7590 3467 1284 
6 3575 7638 1399 7112 327 3737 
10 3596 7804 9088 4670 6275 3971 1052 5390 8884 3950 
10 8262 9011 5779 6261 9156 1338 8125 5794 6505 7581 
19 3249 3891 7574 3058 5593 8014 1709 8750 7583 851 1890 1174 8611 4616 3576 8260 5230 2273 7024 
18 1838 4233 448 9712 9570 7829 2846 2 1741 3438 6675 6972 2625 2594 8726 7527 5865 4732 
19 8189 3865 4207 2982 7548 5426 890 4470 2284 5789 2028 2328 5726 7694 2767 6569 1722 3287 3884 
15 5402 8978 4048 9136 1604 7721 7030 9662 5560 8468 7702 7017 4319 7166 4545 
16 4877 6200 1491 1245 6407 5014 3584 7610 5877 5993 2201 7426 9260 2593 295 8789 
4 1332 7314 1963 2591 
18 6965 4575 9830 3966 4035 127 821 4895 5188 618 1982 195 5518 2014 301 6241 8301 2114 
18 2327 3029 4507 8575 2119 9272 7822 5329 1688 7944 2785 7056 1798 7660 5460 3791 710 7953 
7 9901 6377 548 7158 6914 2691 8636 
16 2774 9768 4761 7685 5344 3210 7298 4621 6637 5319 4707 1144 2259 2457 398 1212 
19 1879 9495 8637 6498 4024 5847 9038 8601 8359 344 6549 2002 2746 2604 4149 1865 3514 8350 8423 
8 8342 8566 5507 7567 507 2320 6190 2658 
14 957 5034 720 267 7636 6716 4072 732 8283 5590 750 2823 1295 5891 
11 4788 3176 6125 982 5724 9019 3189 2865 4649 1701 6479 
17 580 5721 1797 3949 7984 3085 1715 9783 2142 7674 7671 4676 2925 7073 2698 1418 3965 
13 445 9452 1208 1749 158 8408 9692 9596 6151 5476 5398 9614 2223 
17 6961 6493 608 4225 830 3232 5160 5610 1914 3630 309 3801 5197 2703 4904 9281 9781 
11 157 8459 3381 9510 2012 340 8678 3703 329 6507 2208 
20 2316 4583 277 4482 6705 1324 1109 1716 8928 624 6530 8045 5115 4151 4967 4408 7814 749 9915 1301 
13 9799 5213 7768 9634 1529 2387 6049 2879 5737 321 3562 1403 4501 
20 961 7320 2626 1804 8146 1873 9199 4552 8664 5864 1918 5215 6354 8479 99 623 1148 1087 5504 7617 
21 4307 1372 3396 57 2754 1168 7794 7647 3392 5956 9506 4039 7656 3956 7242 1334 2671 4905 3858 8122 7509 
6 7929 400 47 8071 7146 3014 
16 1833 2748 1218 5957 2352 1349 9177 8028 304 2768 1610 2369 6449 9451 3994 1115 
20 4855 7329 8198 3816 9464 8973 7629 8444 8428 3 1690 1606 4524 1268 932 1812 927 4476 2897 2363 
9 519 7028 6208 4366 7569 5317 8476 1011 9723 
17 7180 3092 989 1634 4913 6882 7414 2063 1116 8567 798 9606 1303 1425 8232 6405 3883 
5 7948 9210 6052 2410 9536 
15 1013 2782 5511 607 4696 2122 1420 5704 6020 9725 3419 5321 7947 8722 8850 
15 7287 6168 1233 7380 7425 7924 1819 276 1094 5468 2202 9942 4390 3589 9004 
17 7993 3188 1949 380 6579 4244 1199 5911 3982 2097 6497 7780 4447 6534 9507 4133 1137 
18 658 9556 1843 9314 8037 2386 1523 7501 4843 183 1828 6230 4812 7051 7719 4277 9532 5599 
14 5387 3910 9613 4326 979 9734 6312 693 3809 7268 5342 9827 9317 7204 
5 1609 2147 8219 2660 7049 
6 3358 3890 4697 2677 9677 7405 
17 9405 874 6413 3583 6026 4930 2453 1117 2281 8540 1953 8077 625 8619 9608 1088 7374 
12 8029 1869 4920 9947 6293 5298 2541 2503 1935 6676 8517 9176 
15 6654 6068 5554 7557 6538 6336 6587 2025 8334 3397 3061 1205 879 8482 1562 
16 190 1697 3114 4063 9624 8705 1034 7032 9204 3096 4462 7481 6700 8888 9721 2169 
14 8302 4836 4664 9054 6678 1316 9173 6892 9759 1074 5494 4951 3619 8443 
16 5971 8979 482 4869 4403 3624 5305 1042 6174 9989 3177 4589 7950 1327 5631 5973 
11 3049 9306 4863 7253 1537 2121 6591 9383 7772 1887 1602 
18 3527 4624 2338 9710 1182 1004 2082 112 4878 2793 7233 2855 2564 5978 298 4145 6693 124 
16 1724 1421 4291 6480 8373 4809 4715 2183 5392 2488 5845 4203 3781 2864 6919 3012 
19 2313 1090 3017 1175 8785 458 8345 3262 6802 2493 3153 4422 7416 667 8043 1909 6748 1226 1549 
10 8965 1266 6734 1409 2427 4934 8398 4901 9569 1691 
17 5858 128 4003 6402 1453 3469 5527 5475 2389 287 8315 3219 1813 392 3402 1288 8877 
19 6139 9666 5535 640 751 5866 4858 281 3463 5023 1314 1622 8668 192 5056 755 371 2172 3289 
14 2324 6239 2717 5394 3894 2144 5722 8922 9726 145 8503 7985 1559 49 
6 7227 390 6045 8083 5029 7393 
17 5881 8073 4029 6270 9964 355 2729 8779 4619 6362 7279 3627 4752 4446 6191 3931 8321 
10 3410 166 3426 2212 8514 8707 4785 8622 4725 9025 
17 2429 8629 2690 9042 9242 3531 1710 4014 8590 5561 3144 6144 5842 3310 9993 7731 2609 
19 610 3951 7373 1222 3636 8228 7456 4653 7998 4533 6262 8281 3365 4216 5015 2726 8174 7996 6170 
16 8675 9137 8832 3795 7579 2527 4884 6769 5102 8297 1157 6889 5563 3218 2818 6702 
12 6044 8426 3830 5182 2140 4749 3315 163 6680 5862 1750 9515 
17 2944 5285 9562 1627 1152 388 9321 744 1740 9786 1243 3100 1129 3378 3712 2134 1336 
11 4829 6134 5992 7461 4053 5277 8634 5354 2886 8278 7252 
17 8520 5060 3475 32 6009 6757 6218 6880 7353 1057 1711 8466 6890 9660 8538 343 3656 
14 8728 3196 1959 2654 2415 4772 1136 9572 2484 4095 1490 1961 4127 9749 
16 2008 8449 4717 5292 8432 4336 9991 6278 246 783 7163 9936 5637 6997 6685 3033 
19 3030 6851 9586 2741 5457 6156 1639 5208 7178 916 9275 2895 564 8762 8858 2940 2090 3850 9005 
15 7141 8739 6202 8079 4643 9833 9328 5041 517 738 8632 4928 5003 2032 6467 
20 4586 2711 3866 8419 6575 7041 1302 2874 8105 6940 2294 4870 1717 1007 1242 2689 7951 7943 616 8152 
17 5424 7704 409 8791 6222 7305 5804 8621 7018 7802 7591 1712 6508 4416 2583 9878 4241 
20 6228 4706 442 596 9497 9655 3258 7609 356 217 2038 7634 479 3683 7343 8168 86 3535 557 7307 
8 7640 4511 211 3230 8943 4779 638 443 
17 3281 627 6410 5303 5036 9481 5123 484 9072 198 3768 4972 5922 1147 6881 6603 7733 
12 8179 4223 9744 9537 1480 8883 3277 7797 7439 9728 6761 2448 
18 2986 9985 9557 5263 8761 5684 8688 9043 7978 2010 5110 5403 8333 5749 1579 20 7001 9013 
12 9216 7451 9109 4017 6426 235 9955 2311 335 7105 3803 9520 
17 4842 2123 6536 9190 100 6066 4594 2931 2204 471 5549 9840 5204 5874 5293 1892 8002 
19 8406 6884 8382 3585 3420 881 2107 8097 2159 8115 7160 2514 3733 4392 4172 4909 1718 2848 5224 
11 6321 6532 4961 7845 3600 6302 401 5923 759 4292 9069 
17 1040 271 2904 3906 1355 9561 7793 9534 8821 954 7421 3175 2339 4134 2312 2322 3643 
16 2559 9852 2657 4733 6023 81 3799 7120 4777 2777 2676 2795 8195 579 4987 4049 
11 8840 3104 3193 9350 1578 3998 3273 1467 1599 2922 6494 
13 1664 9128 5540 7668 9044 9058 5051 2277 5592 1210 1019 5508 8196 
12 9550 2653 4965 1264 3077 4460 5921 5898 7519 1847 4490 5108 
14 920 7512 5771 2916 9981 6744 4650 8474 860 5207 3250 2337 144 828 
15 2869 4885 3354 5054 2171 3221 8387 8805 4926 7664 6614 7751 6364 3408 4554 
9 7401 864 533 8034 3117 1595 2568 6211 5226 
19 24 7553 3821 718 4938 3775 5603 2393 4701 7007 2834 1151 7670 1360 8267 4269 8488 1642 4662 
19 3855 5491 8328 7572 6903 5135 3524 1391 2796 3356 77 5506 4755 3243 834 4728 2138 805 5586 
18 8962 4414 2401 9289 6784 7873 8366 4473 7790 8738 1068 2124 4298 8145 1669 6118 590 1558 
12 5086 9406 2975 4349 6523 4607 1098 6677 174 7069 1020 9932 
13 7040 739 7428 3050 3616 1381 8658 1398 3533 4479 4047 1084 2888 
12 6115 6740 4107 8665 1785 1161 9676 4729 56 5855 6750 2509 
8 3444 5991 1517 9746 6782 7011 3032 3886 
20 6663 1773 4154 4613 2059 3770 969 1166 4893 5172 293 9688 2226 504 9931 5096 7489 2610 2019 8054 
12 1406 4196 9815 4587 4639 106 6905 8788 2843 8959 7714 3528 
17 9402 9559 1628 7692 9062 7573 5134 2994 5271 604 6487 9339 3140 5825 758 8331 3456 
19 4546 6756 1518 5662 1331 8782 5879 21 1130 260 3873 250 632 827 9760 1899 7568 4281 8371 
14 1438 8370 3544 5815 3155 2141 3672 6397 5611 2988 3171 2638 5281 3346 
13 5358 1177 6425 6356 7682 514 7903 1810 9983 8693 1727 9170 8727 
12 5572 248 6029 2036 8188 2412 8352 9792 4531 5458 5720 9829 
19 7230 5089 7666 4558 4953 115 8051 9784 2700 7723 4187 1385 269 6136 2103 662 1898 5900 9380 
6 3197 7355 943 2964 794 8942 
14 9864 4958 6359 1417 3597 1781 4745 4148 5467 4563 831 1547 3860 2628 
18 8024 8574 9485 5352 4021 990 6106 3992 2861 1262 3006 2891 9426 3343 3780 8463 9673 6051 
13 7891 6922 2250 908 4121 7735 7504 7306 5126 3280 9486 6644 939 
9 789 3073 4115 9127 8780 4711 8343 3360 2951 
17 19 7677 7097 9948 2966 2601 1756 806 50 3244 7973 1397 8418 2080 1014 5988 4929 
15 9347 457 2409 7387 8339 5999 2506 6483 4932 9904 1808 9656 3591 4592 5275 
8 6745 252 1008 9826 3824 4350 5665 8677 
15 7398 9965 3739 1509 5782 7560 914 3878 9969 8679 9555 2554 2456 6931 7058 
17 8489 2230 326 3220 2291 3133 193 5725 4942 155 63 9041 9057 2697 3255 263 8022 
14 7711 8786 7172 3701 7811 550 515 8525 75 5927 2491 685 7161 5753 
11 7293 3773 9297 8940 1631 3839 6727 5140 8246 2102 9360 
15 2738 3572 7430 378 8300 4800 8099 9879 1132 9245 1915 7885 8404 1705 8269 
9 7114 6206 5955 3789 7808 5211 2218 7570 7773 
20 8484 4084 665 1913 7941 1259 3231 4248 9085 2231 7331 5754 3089 1520 8949 5596 7424 9097 6433 2824 
10 1512 5282 3542 5913 9388 310 1077 3400 2055 3224 
20 1637 4635 95 2442 4485 578 9584 9368 8646 3447 7273 8889 6227 8497 2637 7395 1581 906 5125 8078 
20 4536 5510 7975 6430 9375 5803 2948 6683 2345 1920 2088 3183 1076 5290 1495 7831 998 4393 2170 4922 
13 7198 9282 1240 1684 992 9276 6081 2565 2248 2710 9740 8847 455 
15 7156 3779 119 895 6762 6161 6389 4582 4430 973 4492 8579 1118 8001 7986 
20 8290 8835 1201 169 4344 1297 7806 2859 149 2913 4835 6310 4402 7055 9309 8948 4296 406 5415 8311 
15 3245 2642 4404 9037 5008 2125 4535 1533 4116 8706 6468 1728 5533 5174 8775 
15 2603 6455 435 9341 8101 377 2694 2062 4082 8032 1173 4364 6650 1758 9443 
18 6656 5500 6220 6969 2406 1947 4685 3772 5262 473 8473 9235 358 8859 2266 5322 3229 3380 
11 666 2612 9103 3613 2582 5974 3814 4995 4820 4158 5439 
17 8149 5746 4720 6173 4497 4113 7949 2504 8153 3881 717 5641 9540 598 1488 6789 8147 
12 2297 2444 5184 7969 5196 3794 5264 308 360 9558 3313 573 
21 394 1852 6836 7085 1845 2930 3669 8502 7651 3101 4097 8286 2232 3479 351 9390 8648 70 8594 9796 8100 
11 8587 3459 150 7226 9527 6346 6197 3661 9250 5979 6127 
10 7687 5954 1580 9171 9846 8968 7742 472 2724 6285 
9 8557 2957 7255 2000 5170 5995 5901 8253 7700 
16 5227 4255 3566 3759 5481 4515 1471 1854 4505 3668 9125 9048 4506 8120 9776 1825 
16 2296 6304 9631 4141 2126 2969 3314 6223 4290 5763 3412 5707 3633 2814 181 6623 
12 7849 7347 7734 814 7023 4283 3106 7183 3335 757 3857 4962 
9 3647 8201 4304 5775 4199 5521 5147 3458 4759 
15 8213 328 212 8110 6719 7445 1820 3007 5532 9021 9750 5407 3687 4177 4474 
10 1407 873 9709 5950 981 6343 6250 1093 3286 2376 
17 6843 8277 565 3398 1553 8244 8289 9152 4234 6229 919 7597 7863 9818 5854 4042 7214 
19 3697 7224 2440 6825 7301 3044 1396 1236 5396 4684 9598 1196 6166 8046 3529 2656 2286 7783 9940 
13 8698 5112 502 3915 8854 4070 6792 5399 7184 4220 5046 5606 8802 
6 6780 2736 5232 1247 6981 8558 
19 2166 9813 2973 8856 9118 8652 485 4302 7594 9231 3074 3815 8733 9417 650 3762 8430 8654 9568 
10 3708 8304 8241 5078 848 2902 6958 3543 8163 9476 
18 6694 9087 3833 9429 9900 3843 1791 6201 4489 6264 1678 4598 1122 8095 6112 994 8138 3698 
17 6361 842 3490 4973 1239 8542 2630 8906 5568 3538 2476 3063 8205 6973 9700 6260 3087 
13 3667 5487 2605 2967 3051 8220 4866 4628 8916 1720 4597 3001 9693 
10 4984 368 6249 4254 1571 4596 5316 6080 5280 1948 
13 489 5744 1010 2305 9164 2952 4171 4006 971 9184 4295 980 2840 
11 2507 4170 1186 7284 6553 1285 3945 431 9918 6439 9296 
13 9979 8021 7000 3807 9737 2292 7221 1061 7603 0 2659 4424 8036 
15 1993 9503 5756 8191 2867 5386 1702 2522 8771 5297 7485 746 8082 1001 9430 
11 9291 8713 6879 3844 1616 1244 6194 2822 7563 3347 2813 
10 9121 3217 1103 5037 648 4305 8396 795 4955 1575 
17 8420 9544 4673 3554 8831 7162 4433 3174 4710 855 8522 33 7938 8216 8308 9227 9909 
19 1794 8715 4980 1550 7883 1902 709 4853 8918 4669 9355 8076 5339 4548 5814 8380 6664 8490 9120 
10 3239 8792 8747 4862 4838 6300 7834 8044 3588 8572 
5 113 4437 5214 9927 3021 
14 741 6747 4848 3614 7890 9695 6826 6195 1619 6944 9311 3664 797 299 
16 8271 7357 5636 7876 7698 3433 1110 1790 7142 512 5639 7667 2472 8834 6521 5646 
16 3008 2523 1997 849 559 7344 1429 1392 2844 2016 5997 7544 2815 6294 8113 4041 
8 5381 1192 1445 9154 9646 1614 9374 12 
18 61 2899 3403 802 2639 7847 6172 9729 2479 3256 9233 3659 9535 2853 4083 3298 7115 452 
15 5245 6547 922 5660 3867 2034 5958 4970 6790 605 9036 6193 9484 6917 4243 
16 3743 1689 168 5711 7068 9299 9023 5548 7536 4448 9040 8142 1377 2203 8897 4719 
17 5161 2791 9944 2856 2041 8529 1081 4773 9407 4407 634 9907 4294 2145 1576 4320 3871 
12 1528 4537 4630 3083 7492 2482 3205 6067 8063 4979 5520 5059 
15 3564 4959 2118 1111 6537 2515 3851 7918 8475 6543 4015 9051 8411 7235 8618 
19 5304 2006 2539 4940 4744 5878 7755 7645 4442 7974 7155 3485 1483 8056 5846 8735 8327 1293 7472 
19 3025 9996 8448 3047 5228 9232 2534 2596 5552 801 3777 7752 496 7607 2744 4691 5474 465 1658 
20 1735 1734 1313 3740 9539 4105 4456 3536 3331 8844 520 5643 9857 8837 8183 2679 4057 4338 6533 4354 
9 5341 8435 6307 615 4450 7900 3154 3709 8921 
18 1269 9412 9874 381 1281 3685 536 2670 4947 2447 2303 8356 5787 131 7151 6242 5697 9290 
11 4495 9974 4421 6474 5656 9763 6108 8797 690 7601 8169 
19 2912 7210 5748 856 9923 6082 4775 1584 9508 7125 2552 478 2487 68 7540 2905 7906 4553 9326 
16 2576 5743 7248 6503 7785 64 6659 6393 8661 1889 9201 2481 9493 9024 9834 3617 
18 2020 9052 8784 6392 7663 4213 2192 1320 7285 6072 664 7739 3819 8226 3975 2185 2210 9771 
17 6456 3170 8207 9018 7901 3062 8798 2332 5249 3913 9395 647 6259 3492 770 737 2961 
18 1866 4455 6420 6703 348 2072 1944 4486 7100 6560 5223 8685 5269 6998 2623 2238 2586 4363 
17 3555 9920 3632 330 7916 1475 4767 6619 4092 2524 2158 5612 5283 314 7057 2049 7559 
7 3471 6110 9255 9925 2761 5784 7376 
11 29 4428 5049 511 6216 3345 1309 5372 1774 4646 1452 
13 5406 1874 320 22 9683 205 167 8456 1279 5429 5760 5790 1150 
21 622 8848 6360 6141 9070 509 6987 83 1031 1322 4026 7550 5200 9551 3350 705 1234 6968 2839 2276 2307 
13 3457 1973 9574 924 5350 3158 8769 1390 6955 3518 1923 9850 8013 
19 3103 9685 6003 208 8259 6243 9790 9142 4464 487 5270 5363 1039 9898 3787 9711 5857 2408 4310 
15 7862 5628 2543 4824 3115 5167 1945 3164 426 140 3415 6207 5666 7795 2704 
15 9283 2357 5425 9804 1352 40 365 7065 8569 4360 6691 9973 8515 60 3870 
20 3988 6735 7086 1723 1496 560 3228 4472 399 26 8252 4238 6586 1127 5972 8696 4157 910 2130 2508 
17 5598 8209 7631 5888 9949 6582 1612 3039 1772 6928 9093 404 8913 2193 8265 1082 4622 
17 734 6457 8224 8059 3940 3621 3432 4688 1450 8676 3519 7523 6941 4273 9990 6258 6084 
10 7119 6558 364 9455 6732 8441 6959 4185 3069 8543 
16 1888 6658 1970 3112 5557 1461 6415 8166 214 2351 2918 3548 1213 7138 9770 913 
7 7952 3208 5983 1991 6384 5939 7093 
17 4346 7116 1524 1102 907 3623 52 880 3968 1298 3209 7181 4510 4741 2862 9906 9956 
13 4143 8055 697 1830 9064 2368 4528 4463 5395 5436 7824 231 3928 
13 583 5393 3068 3605 8155 4371 7604 1271 2938 5092 1342 7015 1410 
4 297 7846 933 7110 
11 4058 2079 3510 5917 6896 649 6416 5523 6366 887 7061 
18 222 3758 5516 4493 9284 8017 2116 3016 3736 9413 7821 7039 8282 82 9860 7335 2521 8638 
21 4894 5359 4665 3972 2464 5576 1257 9724 7865 2945 9780 7839 6990 9578 1878 8096 4723 8137 3929 7586 9243 
14 1978 4648 8554 4065 938 5379 5357 4176 1829 8964 810 762 3690 8069 
18 1005 2641 5006 6265 5012 2781 2797 2525 9687 6939 7130 7995 4954 3297 1969 6073 3120 5588 
18 4150 902 1908 6615 9576 2275 9073 3474 800 1229 7360 5010 8240 2252 2321 8612 9638 4315 
16 9523 6199 9806 69 5719 146 2817 4971 7381 1736 6225 7736 7170 8849 9765 9573 
18 6695 4387 4794 3200 6739 6305 1256 8486 8103 9221 1047 8121 6646 4757 2827 8391 3887 3238 
20 117 3990 7648 4064 9769 2333 5366 2790 1348 6157 6396 1770 8050 2111 5961 6368 9637 4 3723 3035 
18 3371 5113 493 5503 7479 5809 2561 1145 6129 721 6017 1739 9690 6177 3718 1003 635 1552 
15 9449 9751 5701 4046 6641 7394 3266 28 2553 4142 2725 822 5361 1653 6342 
14 3578 7817 275 9778 1337 731 8812 7518 307 6717 2819 3880 6390 1577 
16 9679 9463 2566 4376 4139 2011 9844 8551 6226 5741 8394 8818 9861 9196 9146 2983 
16 5885 8586 6765 3453 2661 374 9222 1799 2863 3300 2485 3431 5781 7437 5362 437 
17 4637 2026 9385 8530 3778 6746 1603 4264 8881 4222 3517 7038 2435 8861 5977 2271 8429 
17 541 2714 8040 9524 3194 6476 2156 6883 1307 1964 9674 1375 2489 4783 3944 5075 218 
8 55 2512 2718 791 926 5682 5798 9971 
20 6916 3311 9030 6771 3663 7912 6971 9741 6806 1383 4369 1351 2403 8084 9528 3080 9650 5547 5543 8669 
16 273 7020 481 9743 8298 8984 1539 4916 4212 2943 6054 2380 7450 8080 8690 5020 
9 8758 846 475 3290 9082 7147 3749 9782 6524 
12 2061 3138 3541 975 782 7464 5053 5515 4610 4242 8374 1300 
5 3654 9946 6949 5800 7458 
14 7957 5948 7406 1206 8830 6540 2239 681 237 6640 3744 3797 587 7182 
9 1135 7388 3670 8365 1849 6979 8319 4445 6153 
7 3257 1121 8088 8808 5253 2794 2617 
18 7889 8573 5347 8955 2105 5400 8237 7009 9867 441 4827 6109 652 1158 7202 7968 3478 7283 
10 3608 813 5438 1607 1366 7803 937 5758 2770 3264 
7 3651 530 3602 476 7131 5273 1359 
11 6123 3362 9533 6091 6787 7491 6933 1641 7289 4013 2117 
17 9473 4661 439 2577 5422 5409 7940 9880 9422 2816 2483 9599 5580 1191 9577 3825 1437 
9 6135 1002 4768 3242 8280 5206 7593 3252 1009 
19 5808 5295 2181 5043 9505 3765 3443 4698 7608 1432 2750 2970 3422 6434 5408 7375 3369 3275 3484 
6 1803 4921 8911 4420 4716 3349 
17 4781 2198 6563 6078 3099 2766 776 1371 8776 5286 9525 7539 9773 1983 4018 2544 2764 
17 9090 3368 4666 2696 6062 7361 1924 5692 3416 8270 6827 7767 9266 6334 3126 4069 2163 
11 726 5307 4099 3648 7334 7566 8748 5233 4359 5980 7482 
11 2536 209 7323 7442 5371 1506 8891 4451 9635 4268 792 
16 1024 9869 3565 2997 1250 5550 1428 5243 7099 359 9839 7218 8717 4606 8874 9887 
12 8425 6804 5757 6984 8030 8694 8111 6606 1731 9214 4091 5661 
21 8020 2455 9549 5650 1346 7516 9155 7326 7505 4452 8181 6918 1126 6011 5251 5130 3522 8123 1510 4841 3727 
16 1651 9144 6454 7276 2640 7103 4832 527 7788 8347 1957 6768 4054 8332 1304 383 
18 2942 9316 5626 1046 8809 5040 8745 7551 4389 6395 62 9885 8501 1095 1204 136 8091 4726 
19 7471 1142 6352 6398 2385 8324 4274 1638 2390 6171 8842 6077 4425 191 4231 8541 1254 8480 5536 
17 4260 8902 2245 3270 8609 1211 3946 4784 6696 1435 5850 3911 2878 4968 5545 4432 5791 
17 3579 3601 655 9871 376 369 5062 5715 3832 8060 8927 7908 8712 9601 3185 5944 3284 
16 6329 1363 4782 2178 8245 6602 3076 2029 270 2529 3002 2326 1972 2449 6113 3042 
9 3640 7927 7870 2635 3370 3760 4540 5265 8217 
15 3148 5377 2600 9647 6593 1470 1012 8650 8197 9518 4192 7390 5296 6 2152 
10 109 965 7934 6639 7457 4301 900 8607 9736 4124 
17 5727 6164 4299 4137 9262 7778 3308 6625 1163 1405 9500 4108 2985 1809 9277 3480 626 
12 1784 1674 428 7193 9068 7576 9911 1411 7958 787 3889 5578 
17 9649 4164 9105 6438 1557 9273 5632 8799 7672 7385 4004 2890 2812 1951 59 224 7 
13 6849 1564 3680 5287 9516 7726 5411 9029 1140 811 5225 4399 1185 
11 3147 4353 947 6863 5705 7514 7359 188 1841 6458 142 
16 8932 2335 7196 9632 7872 4562 4168 2494 9522 7623 5337 204 2598 1699 9766 8879 
18 1384 3461 498 9681 643 2023 9300 3635 3483 3897 5618 79 5044 8 962 840 5817 2450 
6 7612 5189 2399 3594 4027 4865 
19 6485 5698 1326 7922 7595 4270 2893 7507 8822 6736 6254 5144 440 9123 3093 8898 8171 7035 8744 
14 9166 4352 4062 8760 1681 2595 3330 1329 7895 7300 8341 7896 6795 9454 
18 7864 200 3875 6340 9617 3227 3673 65 6138 4351 154 6464 1766 1184 6019 6518 1823 6872 
14 6404 2074 2060 8695 9027 4638 2359 6561 5022 3427 4303 3304 7758 5244 
9 2233 6669 8991 1647 6251 1376 6016 3064 4760 
12 8711 2645 232 5943 3091 7487 480 3942 8320 5312 4799 4383 
6 7325 1021 2287 2773 3631 562 
18 8158 2681 3066 7152 4045 2972 5380 613 3296 8208 9622 4189 4731 4522 8674 325 5538 4308 
8 7108 9644 4985 9489 8866 4126 5334 2492 
22 3005 3989 199 5627 5453 2314 2898 6345 1656 4009 8817 8314 6337 9096 781 466 7836 2683 447 1207 9172 5926 
18 7810 9267 290 8173 7176 695 2854 9877 7327 3198 1574 6867 8355 7369 2730 8865 9970 5937 
16 817 9274 8351 8766 2999 1169 9639 8326 3856 4754 1413 4721 5095 2502 3204 44 
5 8227 296 2329 7641 302 
17 1170 5517 3191 5428 3482 5356 3782 6974 7265 888 5231 4005 7008 2253 5455 4790 5173 
4 9935 6296 5892 4887 
12 7186 3067 3603 266 5642 7191 508 2769 1075 5577 7854 835 
16 3276 4935 6012 4318 3784 1768 2272 4128 9447 7675 6328 7332 6725 8838 4160 1378 
14 1605 6053 7236 6842 4297 2751 3059 2932 3357 9145 8923 8008 1261 8377 
12 2424 1778 5872 1827 1816 1156 8092 1617 3128 3836 5318 2225 
11 7455 6155 9251 1596 6303 5788 3922 5239 6994 9117 4978 
12 4208 4833 9633 1430 178 8895 8549 9621 101 2836 2411 1569 
6 6502 5480 16 3863 8087 8131 
17 567 5890 4153 4658 3721 8970 7145 1840 2740 6855 1744 2775 1848 2161 3742 8185 2530 
19 6529 2742 135 6710 8768 2578 7466 5569 9479 1850 8565 1083 4609 3899 4896 1120 9461 6257 2627 
15 1414 1030 1223 164 8112 867 1748 7363 7418 1373 3587 367 1356 6840 6063 
16 1883 6875 4830 595 8018 9438 7866 9722 3980 331 3109 4284 5581 3838 4803 1939 
15 3540 5369 6128 506 633 9151 5301 6353 5258 1650 7868 4465 4996 4332 5501 
18 7435 892 284 8546 1907 1041 2068 6282 903 4178 1708 4179 899 5368 8701 8375 7123 1202 
20 1194 6749 2077 9202 7777 4944 6120 6728 9269 3545 2868 1936 7705 2914 5896 8453 3984 6273 1662 5524 
19 7064 4112 6409 4914 7730 2108 7830 4718 6774 3756 339 5772 1091 5432 6007 18 8770 8556 3713 
8 3546 8774 8285 2570 6399 1067 5376 3569 
21 5027 2143 9805 3105 417 3468 3622 6930 7843 4734 4279 9548 3506 6040 4668 8602 9446 1958 9938 3279 2100 
11 1492 6192 9705 4101 5952 8631 7164 2486 6853 7533 6093 
19 3918 7792 8434 98 6446 1079 1745 9077 7712 5470 8010 1485 1049 7526 6183 8089 6635 5471 9467 
12 9046 4467 9366 2254 7738 416 3882 7676 7219 6559 4186 7696 
18 3236 3334 8796 8595 7275 9157 6292 3893 9886 3214 1505 6852 7776 4129 3637 2880 2618 5841 
5 8783 3202 778 6613 3792 
12 6912 2052 122 4190 8048 8592 2146 4763 9061 1472 7825 5127 
20 3333 2915 5541 9511 1693 1886 7043 2260 3790 6775 6609 8107 1321 3048 9203 7606 1570 8980 8019 5456 
10 5218 5710 8464 1369 8667 6699 5444 8424 8210 5311 
12 1113 4815 1755 8118 6213 8038 3186 8811 6318 4514 5573 6111 
10 6662 3291 9943 609 9404 9875 1802 6212 1055 9472 
12 1227 7117 8440 5620 4957 85 4636 8027 4825 7153 1917 4793 
18 7088 8447 5602 7232 8412 6367 7490 9767 6414 2876 7033 5776 5065 3172 8939 7766 4695 2563 
17 9820 8892 2518 5291 7278 1521 9441 7004 1714 5320 347 7200 5252 7991 2926 1343 4271 
11 4475 4194 6255 7444 4110 8066 4516 5388 6595 7467 6690 
7 7716 1742 6448 8313 3665 1439 1374 
18 3294 1588 9104 3885 611 9678 5914 9554 6565 2873 5823 1795 9703 8580 3500 2441 7649 526 
15 2589 206 8823 7787 942 6422 1700 1431 9292 3919 1187 5412 8836 3111 7441 
17 8630 3424 8588 3116 2753 6297 6821 6970 663 9967 3590 5755 4401 6876 845 3679 4120 
17 1447 9691 3786 8521 9512 2613 7988 2513 3925 1519 600 9367 1759 488 7391 170 3985 
13 7709 3976 2537 3319 1487 3393 2958 7383 4577 5932 4570 4568 464 
18 8787 7585 6718 6818 7840 1494 2220 3757 3213 4429 8258 7400 3771 1928 4132 6096 9831 8414 
20 696 6951 7580 2934 6638 7134 8987 4499 151 537 6117 4849 4816 931 5272 8384 1522 675 8372 2211 
9 477 9401 6245 4585 7816 350 2990 2430 4023 
13 6794 9636 4396 1474 9809 3895 8150 4368 1789 4431 4823 3043 9198 
16 7188 661 9487 3537 4798 9822 10 9571 2903 264 8454 58 2224 8106 9354 3688 
17 3168 4184 9045 3842 225 9858 8510 8126 3065 322 2590 3642 1694 4861 6514 3812 3417 
13 6913 3024 2780 5240 161 2866 882 4908 3441 7215 2540 8740 9794 
18 8086 8203 9640 172 6048 1441 7693 1979 4002 1668 186 5175 7835 4791 7722 8519 5063 107 
16 5343 5466 5887 9065 1583 711 9950 1464 8933 3234 9961 2342 7955 8251 722 7983 
8 9626 9191 8309 1503 3036 8306 3719 2597 
21 3655 7546 5663 2551 7729 5700 2713 6047 5216 9863 6030 7486 6400 917 1270 7989 5435 5623 9589 8337 1134 
19 554 3849 7446 3026 3879 1325 1896 7474 8904 153 3813 2555 5546 3179 4519 1837 2073 7133 247 
12 9187 5332 4043 534 5607 6611 3056 7611 7436 8178 6721 6828 
10 1228 7779 173 2003 6936 2096 3520 679 8947 1680 
19 4873 8548 9926 3445 2217 7066 7366 216 7417 5195 5203 312 4434 2013 9960 5714 5629 7964 5149 
18 2531 1251 1904 7438 4356 4249 561 4512 4762 4933 925 8011 1507 7083 8452 7537 9545 2664 
15 5222 8274 9353 1365 444 8239 7904 8200 8472 9007 176 5055 1230 4348 7223 
18 6269 6004 839 2731 952 8801 8963 6982 6829 6372 8570 5410 2219 5443 1290 6350 9876 7855 
8 2418 9873 5833 790 3586 4883 4484 7302 
14 9698 1625 8410 6076 8610 412 2851 1894 642 7213 3957 1456 4156 6993 
19 4056 2784 4109 6473 5069 896 2076 6344 9881 9934 3182 2947 760 7892 712 6088 2200 2845 5616 
12 6418 499 9541 3628 2405 3864 197 901 5047 6819 566 3184 
18 2828 2422 1276 4703 2651 2857 6793 9213 9224 2358 7753 2575 3837 9668 5647 1962 1006 8499 
6 7468 2460 7869 2786 6087 8700 
10 5902 3384 8346 7662 147 30 3963 5072 905 6143 
9 4066 2426 9890 9872 3439 5256 7909 4103 630 
6 4098 9459 4197 1573 3386 4886 
17 1815 2928 3462 1508 1762 175 6041 6059 2762 5419 4122 3206 7079 6035 7002 7937 182 
16 8509 5856 2649 6182 7856 4477 7857 6519 6830 1611 5355 3272 6246 3559 1139 3274 
16 1563 7207 342 5042 9278 53 3195 1155 7828 5450 4808 729 2280 9937 5953 6770 
17 2278 3430 2425 4016 5678 2979 5564 2402 3027 5645 6668 725 3488 5811 5848 8957 5111 
16 6767 2520 6450 1977 5050 425 76 2139 7531 4076 2894 8714 5459 9714 8098 5859 
7 2176 6934 7484 1479 1931 7881 8625 
12 9020 1984 4867 950 9761 546 6610 5209 1043 5659 4140 3259 
13 9581 5818 3947 4657 9209 8719 5774 9217 9922 6844 3652 7789 6870 
5 219 7319 3108 3539 6185 
4 3321 5261 5081 9359 
13 9670 3160 3129 5212 7710 3970 967 912 3377 7939 6948 5807 5886 
16 6724 315 3991 2235 5187 5169 3271 5786 5512 8828 5938 2929 9434 8070 7404 1950 
15 4644 5951 6333 1946 7743 6776 1165 2155 7225 4444 2877 669 5449 7460 7681 
7 9411 5990 825 4629 7613 7899 4538 
12 9207 8323 8803 7686 3729 87 2188 2798 9585 7496 5179 7173 
15 8395 6877 9078 9702 7019 2045 4584 490 9716 2936 7420 995 4918 8606 7036 
16 6649 5654 1221 313 3098 9133 1930 3847 7454 2336 4341 6050 4275 5806 5731 3288 
7 6607 513 4011 4181 1454 3110 9329 
19 7911 2106 1955 956 3119 3326 3930 1891 4899 2364 1824 334 4436 5822 1600 9775 1966 3107 1646 
17 585 2788 7249 9680 8187 5124 538 4518 2955 1486 4945 5873 2588 265 13 6152 5423 
8 7799 2838 3317 3375 7092 5241 5441 1038 
8 7877 9246 9286 3325 8303 5931 3097 7349 
22 268 945 730 8614 5830 553 865 8960 8492 8143 7500 2701 2195 4864 8451 469 9499 9241 1306 4374 4795 4509 
14 8578 1096 9671 9774 4739 4831 110 3941 7074 2643 7413 4040 6453 3626 
19 8102 9595 2881 9819 2984 4147 7967 2154 5733 2350 4889 1807 5142 6440 2361 6470 9517 2221 868 
13 7229 2963 5562 6581 9957 2257 9253 4556 3983 5718 5057 3892 3969 
17 8559 8104 1267 6985 1263 7187 3425 8807 2535 9162 220 2001 123 8684 6986 7228 3755 
16 6424 3329 3557 3338 254 5163 1513 6906 1370 3223 8405 5129 8275 8641 391 8154 
12 6039 2633 7999 213 941 3711 8934 5077 9215 2227 4750 8279 
20 3692 7082 5829 9071 9134 3122 3909 1568 5073 9917 3495 1666 4581 2083 5750 3734 5434 6492 3724 6221 
15 5649 691 9370 1960 7077 8242 2991 6370 9310 8053 3995 8581 1805 7042 7185 
8 5716 1630 245 5699 3936 1698 948 5571 
17 7913 4007 8951 2377 7805 4209 9378 1277 3650 3954 228 1367 9014 1826 3620 4778 5555 
