36 4262 6738 1388 2911 815 9293 9572 738 3777 6030 4360 528 7982 3920 8039 7504 6801 8954 8844 8081 2215 6811 2351 9327 253 3360 154 2447 2500 3387 8971 8829 2494 4165 9431 7753 
12 6197 9424 8062 3648 934 8968 5764 2477 1459 1325 2810 5914 
15 1908 802 439 1997 6128 4246 9349 1186 2216 9640 3717 7236 3263 2780 3575 
33 1480 8645 3394 523 4206 8075 8945 9632 8820 230 4907 2898 6067 4714 1299 4433 5001 1896 4302 3754 3946 3843 2407 1048 5123 8407 979 847 7498 7532 9028 2966 454 
18 2652 444 9763 2209 1109 4331 3418 9263 3326 2320 643 3451 7425 4326 2984 8116 9064 4618 
41 744 5184 232 4979 2861 5785 256 9113 5292 4997 6602 2244 909 6862 5529 1402 6609 8591 7237 8576 5032 4805 3893 7707 3494 1310 2837 283 581 4168 7529 9142 4290 7368 4692 4457 6423 1822 304 3115 4473 
20 2343 352 2164 2547 799 5967 8505 6156 8644 6757 8798 3230 524 4828 9077 7715 8851 9440 6962 8780 
31 6108 4791 5251 1617 944 7349 6209 8341 6621 4363 3260 7946 4896 8657 2643 2046 2827 7885 9787 6349 1665 7600 9540 9567 5749 822 3703 4808 2879 2098 562 
19 1915 1039 4417 2131 413 8269 3100 6592 4447 652 4108 6826 3899 5624 8389 4367 7478 4757 2709 
6 6902 3133 7103 1257 5441 9377 
25 7394 4825 2109 1307 614 5734 8872 5976 6772 3065 153 6578 4443 8177 2153 1534 4590 3316 112 5780 7483 4272 5073 3959 6775 
22 634 8432 4621 2789 3331 7397 4258 9363 7871 8247 8471 5093 7179 9395 8387 8689 1094 8565 9929 8763 4902 7025 
28 5437 6359 2543 8996 178 3785 1412 4327 691 7066 5045 1768 8990 175 4888 1211 3532 4130 5847 2128 9101 1985 9962 2075 7745 6313 6352 977 
38 2289 9241 4040 790 7017 4844 9214 6840 5058 8137 1454 1602 2677 3838 3665 2073 9940 2138 5923 2221 7289 9317 7899 8622 9004 5455 2312 431 5874 8211 8083 3400 9614 9993 8265 8372 7311 6434 
36 264 2826 7470 838 5053 1440 1704 3815 2803 3312 5392 9907 9893 5492 5772 5397 1971 3822 5795 2317 2202 4837 2483 9982 8349 6254 8340 4492 1712 158 336 1713 5084 4923 1950 8738 
10 6398 8955 6638 9180 1557 1693 4139 5091 2896 6658 
20 5739 1449 8596 305 6077 7388 8498 8526 9488 6561 3214 5007 6180 198 7969 6528 3376 9597 9865 973 
24 355 9694 1461 3007 2829 9790 7392 5380 8244 8481 2893 1861 4734 9141 8550 7383 7926 7754 5725 8871 7659 1476 9604 7152 
37 1234 436 317 5731 1731 3180 2211 4242 8080 5239 401 9486 4752 2697 3762 6057 1809 9484 1536 6876 598 5735 4364 3327 2103 1403 4785 9307 8858 1408 6334 7008 8260 1847 8948 1060 901 
24 5949 6986 5435 8398 3638 6015 5345 3644 6598 2703 4390 2946 8183 8352 1419 1903 8923 5812 221 7202 2628 5248 8275 6390 
26 9705 3375 3816 8146 5686 3199 6186 1843 7874 956 6475 8803 615 9104 7870 4088 5712 7000 8521 9628 3073 5957 9297 318 3368 1651 
7 6875 9401 7804 1689 2791 1852 8029 
36 5072 2684 7125 2990 3473 4890 5810 3159 1034 4881 1551 5243 3686 4092 7130 6122 3212 1516 3009 3351 6325 6897 279 6940 8811 1753 2994 6774 6436 3241 5249 6542 26 366 1395 2139 
18 9897 9481 4636 3205 5994 8737 7118 1494 9948 709 4119 3729 1169 7730 6346 127 8037 3554 
21 5282 4815 3541 3017 409 248 1267 9965 4507 7372 5554 9543 5636 730 2657 2118 9813 5214 2401 9012 8209 
23 8786 6202 1054 8448 332 4848 6265 720 2495 8040 41 4502 3490 9631 128 5535 5748 697 8573 3317 209 219 6277 
39 619 6149 3483 8060 1535 1502 7072 2254 4529 217 104 7047 4152 9400 6478 34 7418 4461 450 2004 701 2685 1262 28 1165 213 3912 9506 6590 803 5217 985 7328 8920 2719 8442 2197 3413 6539 
30 5426 649 5844 7513 74 5861 1523 353 1700 8617 6587 7445 244 9505 9975 2924 4213 1937 3685 9809 5603 9132 6283 105 2173 9539 2406 9858 5422 5917 
15 873 2711 2975 4194 3891 4170 4200 6168 1489 7117 8715 3424 8426 699 4098 
24 9444 9658 3323 3251 1783 122 4591 1914 1031 1027 1416 1767 7807 8067 3416 2765 17 8344 6810 8974 6779 3449 5470 8540 
24 7143 286 8214 2885 485 1220 7829 9031 7569 9228 8028 3735 1302 4353 6268 6161 5514 8413 3621 2121 5632 883 3429 2866 
11 5212 9757 3445 6058 1503 7567 417 1500 8614 497 1399 
33 9526 1429 4594 8401 7078 8864 9837 1282 5567 4159 599 7207 2315 6416 6393 5219 7794 1330 1930 9082 3691 6932 1338 4800 7564 4775 2906 7805 3258 2095 9222 3290 1487 
21 4282 6103 6808 3278 350 15 6905 862 7894 8182 8111 6868 7924 9143 6915 4211 9379 2043 4498 1859 1846 
34 5997 2071 9973 9535 5765 2328 9041 4548 7264 8472 4361 5820 673 8604 548 2932 426 7027 3884 9174 5946 8570 9501 3363 7736 625 9415 8084 6233 3087 5414 1829 5331 4755 
35 1155 3801 8914 2778 6370 2858 1894 5261 2471 4655 4118 6557 5680 569 1554 628 4030 6303 6309 1765 4238 3725 5114 5759 1405 2222 6660 1049 2763 2149 5832 5595 9323 4341 4678 
27 9612 4584 8510 1947 711 584 4147 4871 3146 8296 1710 8610 6333 4776 9264 2220 5835 4857 4834 6882 2875 4397 6344 8164 1943 9812 8809 
26 8124 4864 7776 1028 4287 7213 9257 4380 8949 6792 8479 7127 6236 7878 5290 3423 5613 2529 6954 5641 2637 8240 8180 5276 5129 6018 
4 6239 499 7224 1778 
22 3728 9841 861 2855 1442 6049 191 5281 915 5056 407 6017 9414 504 5013 4037 7308 4972 8853 3941 5740 4483 
22 698 412 6713 93 9800 3443 3556 2078 680 2370 1771 202 3463 6821 7065 6181 8150 4317 6211 4456 4019 8554 
26 6322 6665 4823 9494 8397 9 7026 8433 2806 6993 5652 6955 5077 2786 6973 7991 2253 926 8249 690 9747 7035 770 8647 0 5817 
22 4184 3786 1010 3510 6547 3129 1524 9845 1869 2681 6307 4109 3068 3910 457 3989 1121 3865 6669 2957 6068 7455 
28 921 2919 7135 4017 9981 6618 5913 5241 7041 8118 5366 3949 6639 9475 7191 2385 9842 4605 5952 1355 7636 9033 1352 4880 657 4639 2570 3058 
32 1188 2468 6921 4667 2366 2835 2402 7267 7490 5208 6389 1715 8988 8125 6641 8450 4566 9300 4343 2444 65 3597 3750 2645 6391 7222 8743 4856 9667 6443 6460 2035 
17 968 6960 5498 7674 1828 4684 727 6324 2282 9060 2687 5132 760 8050 4736 5607 7371 
15 6462 4906 3213 4044 1130 4988 4941 9231 9843 4543 5640 4009 8755 5664 4916 
7 2591 9392 6336 9647 6270 5642 5428 
23 9654 210 856 4020 8219 1755 5477 8766 6903 9743 1386 9071 7097 2338 3885 6503 7737 5566 7312 6567 7086 1260 3008 
12 2112 3972 6392 6425 846 3938 1272 7884 7444 5347 4064 4482 
12 4872 3839 6279 4006 3904 7555 3770 560 3952 6672 9159 8303 
16 1968 5837 8804 6407 8652 9846 9394 2578 1256 3530 2480 8190 1023 4123 1331 3906 
34 3478 3043 8527 8375 6288 4047 6271 8163 7783 6127 1722 9776 4348 343 8862 7601 7527 6458 5646 3755 7533 9281 2441 8185 7467 5821 1887 5063 4091 2691 4432 3279 3589 1009 
18 5679 2314 8485 4838 867 3203 6237 461 3261 7679 4617 4858 7761 9655 8220 4089 3759 9562 
4 8272 379 6544 4588 
26 7904 9237 2062 3495 5548 9821 4970 2634 6679 8841 4032 5908 6565 5052 1253 2486 8153 3299 4430 5925 7734 1296 9978 2308 8166 8638 
19 1725 9133 1110 886 7150 9272 6657 5899 8506 2790 8585 2556 4045 4227 3867 9928 5008 9346 1 
22 6560 5639 8200 9295 4681 9181 1469 8015 7839 2552 3707 1068 9510 180 3330 7786 3448 6249 4517 4925 7405 4978 
24 2261 8989 5234 9450 7190 5012 1460 6340 208 2651 507 2663 7686 4656 6764 266 9735 8682 8772 1963 3842 1201 8419 2212 
3 9459 5858 1724 
17 171 3399 812 694 5577 9335 9194 5520 2700 2190 6061 5071 8931 1953 149 8532 1277 
43 9097 263 2271 998 3069 5848 8947 1823 3110 795 3975 2618 8120 8337 6721 5179 4160 9770 1293 9990 6113 1923 472 1082 1055 5390 5682 170 3514 3480 2203 6650 8453 325 406 1210 3850 1226 3586 1207 8690 9860 3064 
24 7176 6907 193 4653 7234 6746 1364 9496 4031 5465 5356 4677 4247 1912 4491 7770 5684 1004 7197 7562 6426 1716 2948 1785 
22 8402 25 335 8930 7155 9605 2047 1925 3018 6001 4579 1370 7752 7656 9235 1632 3538 6704 8215 9565 9009 5059 
28 4249 1799 3859 3751 7516 1193 8033 1248 5879 1589 6925 516 5076 2972 9370 6677 6248 7415 7830 2174 7724 6930 6727 2156 5221 3895 1016 294 
23 6382 1775 7893 8757 1151 8852 2553 1329 4201 9050 5761 478 4771 4917 6787 2832 8330 4175 7590 3526 6988 2499 4650 
19 8667 4895 9054 9388 1297 4528 4965 5915 3798 6850 8266 5792 6243 6094 7187 388 6374 2394 9177 
23 7787 6438 1627 1634 9712 6703 381 6356 3036 4297 2686 7579 3325 6615 3420 2442 2982 9620 9179 2916 2635 3116 9385 
9 2999 9738 2464 753 1465 761 9065 7092 4887 
23 6072 5315 5010 1413 7910 2255 588 1737 1397 5947 2029 4342 3794 7667 7030 3768 2890 8643 2951 7023 7851 3132 3711 
30 1845 7246 9538 9419 4024 6305 2937 4544 100 6023 6402 4318 832 3663 1910 8236 6652 5601 6825 4615 7232 8530 5291 4940 9457 4658 4587 4409 5303 3680 
33 5505 6878 9662 9107 6284 7596 7022 4436 8356 6668 6690 4110 7511 4952 2201 7367 1274 3034 6499 3809 3096 6500 6295 5938 2811 2579 2575 3109 3301 7304 393 6623 4425 
12 4689 2958 1639 3210 6190 1431 1875 8662 3752 6838 7488 6610 
15 1270 3118 4991 706 6354 5488 6852 4557 2533 5755 5085 7841 7658 3303 9693 
9 9118 7209 1496 7692 8854 102 2551 6024 2660 
22 205 9204 2081 3382 3151 4954 3355 2127 2416 6661 3383 8730 3246 4738 9588 2331 5118 9437 3059 888 2493 3730 
16 5377 4207 2717 284 825 9696 8915 9815 69 8434 7876 4720 7102 1804 481 567 
18 835 1795 1070 5788 9443 8639 8818 1877 891 8964 4253 1607 2562 8256 4229 8000 5676 4005 
15 4673 1240 3557 3833 655 8338 7255 1206 3875 7446 3512 199 326 3354 4164 
8 1934 8799 3308 9513 1844 6680 4221 2758 
28 9624 5635 4675 9987 5094 9299 9968 4642 7341 947 4104 3722 3570 9838 6451 7712 2281 319 1470 1612 7998 5040 9574 384 4722 8598 1166 7315 
8 3721 8642 4749 7548 5982 984 6886 8224 
33 1428 1012 8063 2 8534 2141 4821 8293 4772 8160 5163 7120 5527 4014 10 5670 893 2841 8926 7763 8883 3269 8819 4266 8027 4539 7866 4086 3079 8904 2534 21 1259 
17 938 5188 2052 1603 7857 5256 5201 8148 9420 5289 7414 2359 2346 5062 777 2192 3434 
26 4998 5051 8369 791 2448 5688 9971 5404 1129 4315 1663 5845 1658 2905 5224 3681 9336 1837 3898 6950 5806 5811 8893 7869 5130 176 
12 7448 5690 3435 9273 8403 348 7916 8882 9068 1324 6399 8306 
31 5580 8142 6895 6358 7079 1231 2094 6005 9147 5048 9759 4994 8454 2114 4392 4083 1279 1158 1868 9689 9013 911 2976 9260 966 7432 6725 7744 6285 8501 2878 
20 9333 8650 5804 7865 2438 6678 6085 5473 4533 9779 1420 1756 2710 6463 2923 9006 9998 5247 5630 163 
37 4220 635 1488 7303 4295 8226 3264 5647 4424 1966 1115 7968 9369 7906 8959 3172 1084 6981 2821 8091 8429 6635 329 535 9878 3111 2814 3848 9637 9850 8735 4273 7069 3126 828 5616 5973 
20 8823 5711 4733 5663 9289 9549 7554 57 6710 9485 3585 8637 7226 2036 6550 2132 9382 3108 4830 7638 
33 2863 7620 2722 774 1876 338 6231 9022 543 6138 2526 6974 4625 2729 5658 2740 4718 1747 7587 3714 9479 3282 3948 3645 670 5154 7262 6726 1819 776 3561 1638 4236 
16 6834 5252 9266 1114 9861 1726 9067 7416 3460 2013 7083 7803 5459 3950 3702 410 
31 54 2392 9088 4131 5609 6760 642 664 4672 8611 1928 6022 4931 323 389 7519 8794 6640 324 8393 8514 8759 7491 5030 5965 460 466 4402 5142 229 3456 
12 4924 2622 1922 7940 3799 310 8857 9073 7592 2842 3465 559 
32 8705 639 9026 7791 3377 7626 2633 5083 9671 2390 282 2452 7645 4033 8291 7220 7090 9378 6820 7178 9270 2850 9150 3470 689 9879 1328 11 4851 2535 5379 8253 
25 2355 9561 6066 4664 4384 2240 1422 9836 2706 5405 1189 6013 5557 8761 403 5701 7282 2160 6422 8938 8695 3345 767 9492 640 
22 1041 5600 4809 6970 4138 9152 8437 916 8917 6495 7298 9542 9706 9083 2400 5104 4312 5385 2631 2218 5122 3277 
27 380 7344 9742 7134 64 2187 6784 6893 5622 156 8412 1311 6484 3181 2076 5238 7010 9889 7278 8094 8228 1746 1181 5660 9242 2434 3194 
25 6581 3392 9213 9498 9292 2506 3689 4942 6116 5958 4698 9337 405 1387 4489 7007 9917 4093 8906 5694 8903 2116 4682 8475 7972 
23 9780 9630 5309 6205 8539 8129 7321 1796 9456 6830 1918 6798 4259 4710 3489 9774 999 7352 943 4442 2189 8242 1956 
10 854 656 511 1508 8747 1777 483 6749 1723 9483 
16 7309 7941 9265 3669 2954 9186 6062 5579 4256 120 1182 4400 2817 2044 9381 2422 
14 928 6816 8074 1047 6692 8601 5444 174 9848 1073 5767 4688 1720 9351 
17 3430 9412 3176 1674 2520 3024 7677 2293 3067 5500 7319 8277 2742 8774 8073 5875 9985 
14 3779 3603 7430 9806 5887 6765 4761 245 7379 1177 5954 9556 9469 5006 
25 129 6604 3406 1357 3016 1850 7217 2299 1629 1132 2340 4912 4878 6655 22 4919 4852 8127 7353 9183 8997 4903 4469 7402 7192 
22 1525 5168 2364 173 3968 8325 6574 1050 8817 7351 7860 8673 2039 5484 686 742 5733 9428 5862 1519 3045 2939 
5 7347 3426 6003 8207 364 
22 2056 5719 830 7690 5888 4657 5668 2992 9625 1628 8856 2934 9613 1580 6316 1550 7323 6842 6984 35 6413 3614 
25 4135 8476 2632 7497 1999 4715 2611 9092 456 3130 2644 1286 7914 8628 6129 3262 4789 1597 8855 7177 6714 6975 4535 5969 5597 
27 3566 9464 665 1601 3615 3840 6498 3565 8093 4250 4141 9042 6771 6000 3966 2639 9345 9557 596 3666 9871 3783 290 6563 3022 4920 113 
21 7798 3568 5220 6608 3841 2950 4454 2793 4647 6025 7646 9348 5558 3756 4730 1538 8246 9244 7773 333 1140 
9 1817 5382 1436 4798 97 9062 3784 5830 2915 
10 1721 4195 6188 3675 8243 1475 9249 9952 9019 2654 
9 843 9151 7457 369 2053 6274 3315 6034 9105 
32 6491 1101 7629 1620 2260 4819 425 4328 3622 8782 6476 3373 8869 7576 949 5014 8827 5100 9641 5809 1644 4699 8560 7769 578 2505 7169 6081 1168 4415 2527 1762 
17 9447 4850 2995 8294 6504 7619 5681 4745 8810 8821 1719 5367 6697 6777 1749 3560 9250 
21 7653 3650 7098 3395 1889 8390 5183 6763 8314 7802 6790 6923 4276 6803 5722 2943 6332 7061 5705 1322 5512 
15 8842 3511 3391 7551 1493 6776 1026 6859 9748 7581 4963 9877 7978 3455 4614 
26 8672 50 3437 7797 841 3446 682 2256 4739 3628 2991 1806 7365 6928 7875 3961 9218 6014 7385 9686 3980 3873 5360 5975 5098 9049 
23 3829 8018 7301 23 7984 147 9288 8956 715 2809 8486 6593 3657 7037 7907 4278 4552 2884 3247 5951 9900 595 5344 
16 5763 9870 2560 2433 7330 3982 4419 1572 4452 6686 3283 8076 6509 5274 8669 6339 
35 288 5805 7958 1351 5738 9435 2451 487 8438 974 2285 5793 9233 9416 5589 7153 3013 4076 9594 2274 9755 5984 3844 6286 7832 9683 1782 5419 9674 855 3237 914 3010 8569 5575 
27 1415 5193 1942 374 2275 1098 81 8263 6716 553 2667 7693 1062 7456 3793 5803 4477 7762 2386 4356 8300 826 9357 9833 7113 952 2425 
36 6102 6020 7340 9902 6008 7782 7195 6996 7521 7531 214 4369 7735 7016 7944 2016 8513 1450 260 4173 3913 72 9470 6829 3832 1964 5357 5482 9148 3078 6846 8270 7100 4993 8304 9849 
25 3877 1814 8545 6939 6047 3123 1029 6366 8748 8649 5992 7506 5537 740 5919 946 1499 8031 7132 3977 4669 7624 3039 8126 2373 
16 8167 9165 2930 4063 1263 5043 5866 4070 6762 6251 2119 2613 6089 5036 2473 5621 
26 7291 8720 359 4336 5181 5950 6812 9699 4740 2708 7272 1373 8181 3599 7175 3361 2336 6675 4176 7400 3827 3926 7591 3000 5416 7302 
25 8812 3960 309 7608 9653 8221 6758 813 703 2236 905 8297 1187 4122 1533 3916 6175 1611 3805 2678 6372 7095 1836 7032 6090 
30 6055 3004 2584 4001 8922 5483 5906 1265 5590 851 8528 6827 7921 6054 3342 3452 5611 4039 2728 96 3704 5614 1358 2214 2003 1224 1423 7500 7486 9515 
18 396 7081 1872 6582 542 7971 4969 3228 9652 7316 9912 7453 2680 7275 3227 1631 3102 8574 
36 2381 6215 6299 3888 2894 1763 9188 6532 2030 3419 6938 2971 9969 1017 2162 8016 8975 3881 4526 2688 114 3060 3684 4026 2334 5605 339 1780 5128 9961 1906 8286 1990 6545 3523 5456 
29 4493 8795 3807 6523 8128 5783 1222 2754 6985 354 4205 4704 3270 3047 5678 9182 4396 982 9116 9190 4957 5779 8796 3319 9018 6856 5511 4299 9979 
11 2292 1309 5070 5031 5009 3974 5903 115 6082 3165 1792 
28 5164 2752 7942 2672 5863 9825 2988 1856 4166 9258 7675 2239 5196 2295 1457 6510 8496 3001 5905 641 8623 2980 1621 7973 6464 7201 2010 4817 
17 1092 6037 1687 4868 8135 7031 1505 8846 7060 6554 687 9989 8771 5333 4513 9895 8727 
13 5452 1752 9623 2467 3314 4866 4293 5933 6041 3157 3790 4796 7337 
18 262 9122 1361 7738 978 8231 4373 3401 9786 4051 9518 7652 2895 5840 5339 2371 5035 8907 
14 4029 8194 7922 5371 3119 8187 2952 1106 2799 3433 8995 8348 6951 7435 
16 6069 2167 3193 2031 9769 3921 6634 4705 6021 1655 4703 7085 3083 6245 9602 5341 
36 6362 9856 6506 110 904 5109 5119 2226 6894 2380 5199 6759 6651 2889 3649 9367 3164 8041 1083 8461 3670 917 8388 3634 287 2872 8417 5736 2155 3563 1036 3318 6351 5987 4719 2563 
11 5619 342 1561 1159 2977 2023 544 5099 2065 4559 5170 
17 1433 6910 6909 9950 6566 1067 4773 9268 6179 1891 3421 7271 8500 3909 9516 3981 6589 
29 9509 4603 9695 8660 923 6980 7858 574 3953 2101 1616 5826 3956 8754 9096 903 1196 8600 4612 1916 4381 6227 1811 132 5677 8839 5936 9034 5542 
27 558 2620 8394 931 9253 5206 2387 4581 7607 5365 5378 6395 1032 3834 4527 9904 3668 6549 1648 1089 6144 9791 75 6611 8900 6918 5110 
35 2018 346 7254 9453 8734 9285 7771 5546 2666 9236 1957 5327 4933 5194 9315 7128 6531 6145 7545 3900 5078 9587 2701 9578 1975 6328 5363 3706 1730 5286 7767 8885 5111 2868 8013 
30 1816 829 6841 9342 6937 1821 5898 5648 7517 4822 6564 8592 7835 9924 4708 3764 291 7550 2616 6691 1434 1400 2549 7378 4015 7295 8392 226 954 5149 
23 4884 7843 4068 9238 9226 3862 2206 6751 2397 4767 2989 8952 9992 7493 8229 7080 8373 3986 9980 2921 8316 8987 2541 
38 5643 8405 8358 1103 1258 7775 9398 5153 9066 4169 7029 2427 4737 1936 9500 1574 765 4598 2475 8474 9352 2195 5066 1895 2650 5828 5190 5438 6095 8558 7514 5703 4640 8744 7623 784 7185 3713 
20 6729 7840 9037 3057 4585 9610 4652 2981 5593 6526 241 8445 9171 5187 8546 6357 2041 1684 9320 7082 
13 4196 7406 7546 4661 6410 5295 1002 2074 1030 3461 6164 6558 5027 
38 3187 3996 6084 2849 2707 1556 2744 5671 9603 2792 532 9063 3357 8781 9745 7980 367 6688 9124 3658 1241 9308 9149 4627 468 6936 3552 312 5588 5940 9016 1063 2083 5842 8677 1526 3954 5144 
26 6369 3324 4148 9713 3581 7774 7332 62 1927 7089 1540 9098 3479 848 7845 6040 9040 4465 6109 2146 8678 6797 2168 4480 2705 820 
33 1831 3710 7654 4209 8928 6800 3765 2796 7726 9687 4921 9167 7194 6848 7793 2248 8416 7045 5386 1539 4787 9881 5372 2040 3782 9584 1679 5105 8026 9911 8058 9248 8860 
21 7501 1198 9319 3225 7931 3498 1791 7727 8843 4634 1692 8691 3476 3496 7167 3085 7872 4638 1117 3694 9527 
15 4163 7764 138 5941 5064 137 4244 6865 5451 9729 2412 6297 9896 118 3086 
27 8676 8427 1167 7760 9732 4571 9422 2365 363 6947 1769 7124 9945 5796 9725 1618 441 2757 525 4754 9389 3503 4631 8887 7976 6490 8775 
9 9503 9255 493 4794 1995 8462 3092 9316 5983 
26 9099 7218 5531 6508 8208 7159 4814 9343 6890 8765 4422 1445 630 1390 3071 2574 3179 3348 1798 6761 33 4922 3240 5467 4294 1344 
12 4624 1970 4630 5540 3821 4421 5771 8902 3188 2566 2782 1208 
24 4659 2781 6969 992 1046 908 2787 6048 6182 823 9497 1245 8609 8421 7208 4645 1913 7847 1647 9130 5352 9872 1977 1973 
31 3733 9999 3548 8723 3407 8752 6028 4183 1708 3720 6472 8706 5338 6355 5634 9206 4763 7589 5691 3600 9197 6383 1362 4193 1153 7144 4751 1157 6487 1694 44 
28 4802 6864 6120 1392 3271 9000 1598 2104 5134 9328 4892 8446 7407 275 8901 9298 7920 8830 6898 8193 2179 1203 2557 9724 3372 819 2191 4971 
33 3905 7987 2910 3845 4167 6839 2513 6722 6571 196 6987 2874 9362 8072 6699 2086 6253 8186 5708 7389 1871 8760 2882 3173 586 1464 9208 890 1960 8491 8109 576 3609 
37 2692 7485 3162 5447 4589 4774 8114 2302 2716 3248 9008 3040 2870 8456 3033 6449 2807 8702 7954 123 9606 6489 9891 7338 9373 6535 1280 2262 4401 7487 1242 971 1127 2136 1085 1437 8499 
21 2229 4499 6591 5250 1810 7967 6642 5901 9474 4426 8326 6883 2804 4085 2417 1368 3761 4550 9659 3509 4301 
29 1334 4551 1112 3604 6435 2349 4413 7740 6401 5644 4458 99 3683 9984 8994 8364 5787 2747 6287 9808 5095 9660 8441 597 2067 6300 8913 1788 8036 
6 1142 7355 1363 5996 8328 3291 
35 3868 8095 7540 9203 1059 5515 9521 4061 4928 7836 5075 6343 6477 452 2830 9953 2822 4967 6440 7423 2865 289 5121 5814 5489 9391 4616 4508 4375 2339 7539 7739 9439 7597 4129 
17 2272 8793 4628 3924 7296 501 6866 2383 7142 4074 7647 3135 7809 8815 9157 6140 9644 
38 8762 5246 2435 5283 2798 1490 4859 7055 6074 8924 4934 5928 5207 4391 429 9339 1144 1481 7348 4444 2251 1582 5560 7074 5822 9875 9243 9942 3814 5773 4580 8908 5272 3932 3837 8942 9058 2853 
21 5674 5584 751 6222 7253 3190 3636 4643 9138 9751 9761 422 7364 7535 9576 8188 161 3232 5650 6446 4065 
35 4303 2877 3995 5685 2064 7412 4861 2307 1077 6594 2985 2361 5322 6941 2458 7603 2474 9280 7669 1802 844 9184 9585 1935 259 1636 1213 3957 2550 8195 9568 9703 3886 390 1507 
37 4753 1303 1991 5162 1495 3388 8825 7676 7251 6195 308 7530 4995 5131 2815 3492 8834 5617 9746 6421 6291 8836 6606 4610 3106 5932 5521 1398 8386 3727 2564 4702 2318 746 3978 4563 9931 
19 1695 2439 2670 9361 1592 1897 4608 3767 1424 83 2319 7823 8911 7149 8661 4012 1448 3592 7909 
17 2831 7245 1319 3468 4709 5069 1294 660 5375 8259 2653 3082 8504 2997 7883 9634 135 
39 8683 7269 9493 8174 7310 4354 438 8849 3128 1669 6373 58 5839 602 5431 7905 9427 5003 3637 4399 1698 4813 3971 7717 3983 6844 6317 7880 6207 4811 6534 7087 1728 5922 2593 5895 7606 7395 2521 
36 5894 4077 2764 5846 9010 3287 8790 197 6007 9390 8487 6445 3298 1594 1938 3942 5209 5667 9296 488 8468 7052 4134 2993 3140 8696 9668 4226 2219 1952 8943 4769 4968 3627 1118 1374 
22 9139 5023 5143 4279 4043 3999 7650 6312 3 1308 9397 4582 9023 1283 3293 575 126 8431 2501 151 7547 7990 
42 4735 4126 3080 4976 1473 9793 669 9371 831 7350 5563 3310 9198 1180 1514 3014 5978 6273 6959 8838 2833 3113 4445 8648 2554 3923 5753 1195 4729 5202 3641 6998 3369 383 2210 9168 4157 5395 6685 9781 5659 4901 
26 4054 5499 4408 7618 6573 1619 4570 89 7813 9189 1014 4418 9596 3671 3533 5269 8797 1751 8411 3441 8910 8251 2145 2133 3576 3422 
19 6548 2504 3267 2935 9321 7266 4777 3292 5340 8334 7610 7384 7148 894 8553 6684 3854 538 7382 
6 7585 6377 9191 9246 2942 7849 
15 4340 5133 9421 3925 3606 2694 5417 9778 1339 8764 5026 8017 5768 1748 2693 
27 4996 4731 3288 3687 7719 7057 316 1586 7748 8311 1581 4820 6147 6051 7219 662 1570 6715 1633 9909 5413 3238 6158 2421 8538 3224 3931 
33 9220 1287 8613 7996 898 5047 8404 6441 5604 2961 1544 432 1961 1052 2337 7228 4267 443 4741 3652 5896 2423 5294 8 7409 845 2940 6212 5485 3987 9711 3836 5150 
28 6743 7701 6625 1513 4073 6165 4128 9114 6375 5442 1741 9043 4843 6920 9247 7363 9376 9407 6730 8261 8571 912 4357 3070 9056 1643 7221 3026 
18 1367 7458 5141 899 9432 648 9301 1190 1940 8321 3250 5024 3415 1825 1662 7044 3626 7820 
20 5794 3404 4646 1320 714 5472 7091 8516 3339 4486 7935 6488 695 7462 6728 6146 6696 7305 6769 9639 
16 7966 6124 2405 4762 8357 6471 1446 3296 4395 1650 6572 4932 9958 43 2545 7433 
34 3887 5046 1088 5476 8884 3892 8490 321 9834 8898 9829 962 1439 6 4606 8552 8044 4911 9937 7758 5592 3218 910 4951 9577 7731 6559 5458 840 1306 5854 7393 2463 4474 
15 9559 4349 8382 5205 4080 502 565 7975 9805 8351 9078 8309 5425 4717 5343 
14 5968 9708 5687 7960 2682 963 7327 6906 5882 9866 3521 7848 227 7362 
35 8718 4716 9176 1001 8057 6795 3408 737 994 4277 5939 5449 5280 1805 4177 6210 2322 4281 1701 2862 6016 7733 5293 1359 5666 5547 6152 805 3984 6257 8517 8001 2227 59 9545 
20 5864 5651 5172 7560 6799 5262 2205 90 6983 7879 6926 924 889 683 2341 2805 8693 1555 5373 8523 
20 2881 4973 4666 448 4410 98 5602 6645 211 5626 7172 6818 6474 4782 4558 4050 498 1233 3602 4084 
30 3163 5704 527 4569 7062 2596 6908 9136 800 8470 7757 5314 5180 678 9205 3186 6873 8590 2580 2546 3027 518 9758 8400 9029 8140 1736 7918 7898 3099 
11 9869 6327 6879 4867 8198 8346 3947 6450 482 5541 1421 
36 3625 8616 6167 9583 8933 6682 9366 1988 9709 6785 5313 1870 8958 9919 2762 2437 7507 6326 732 7570 1834 515 7599 6861 357 2268 5715 5016 8986 5191 5389 1337 1383 9783 592 7842 
20 775 8378 5713 8719 2797 990 3122 1509 2979 6956 7643 2802 9570 3439 4930 6719 7856 8030 5088 9678 
16 6363 9278 5911 4547 5981 728 9816 1075 4770 5139 4471 5284 9541 9358 3356 936 
20 3940 2665 6805 4344 3364 6597 4744 2291 5457 9466 159 91 1511 1250 3482 4034 7043 1143 3215 9949 
13 2959 8492 9941 4992 6982 8563 1411 2137 4487 8460 8218 5176 611 
29 447 4909 6917 5891 8308 1456 3185 8463 3284 9396 3255 2200 707 9569 7943 1472 4490 3559 9721 8701 4897 1573 5988 2773 6994 4069 7235 6533 8897 
36 6863 7094 9867 3808 5689 1275 9988 9554 7510 6281 4947 1154 7819 433 8549 8745 453 1761 1217 7588 1345 6629 2213 7790 8749 3011 8961 1714 4388 5097 594 2325 5259 8264 613 4747 
30 4845 2960 8415 8599 134 5308 8621 7326 278 4136 9894 5384 6043 2854 2159 733 6298 9460 2756 8750 6459 1236 9163 2478 3201 1468 238 257 1624 2851 
24 252 7988 6172 8101 5576 5400 2675 993 9156 629 4792 8970 1160 4300 2377 3524 7808 3393 1738 1443 8324 7633 9458 6744 
11 3256 9824 9072 8593 8524 3053 1266 3072 4429 7788 2887 
18 8892 4935 8978 5517 2143 513 6004 9495 3976 1625 9274 5466 7428 5710 2523 8447 1860 7028 
33 8343 958 9403 7403 8656 5350 9939 5565 9943 2947 2978 5167 4549 512 6442 2431 9571 1668 6778 356 8025 6540 5502 517 6617 243 9798 7781 9643 5117 3447 5364 6444 
35 9880 8009 4985 6513 684 1501 3222 4746 6833 8833 1042 239 7286 7046 2955 6083 887 537 3748 8993 8544 8725 4198 3141 1471 6262 2532 4351 6171 434 5061 1772 1435 4212 3595 
22 4112 530 4833 3601 7768 9267 200 5049 4233 6304 6741 6053 5189 1530 4635 9666 1697 3773 3459 5698 2230 7210 
37 3487 9547 9185 6414 9224 510 7999 9355 4407 970 7552 3796 3052 6042 5904 9480 293 1314 467 1235 6891 7101 6874 4217 7743 6733 4368 1649 5216 7538 5420 2443 2144 6187 3902 5587 953 
13 3746 1864 7558 9044 4355 1862 6946 7933 4696 9195 8909 2368 1880 
16 4232 8049 7018 2017 1342 3973 1000 5475 77 1832 4190 5986 5233 4620 836 3536 
21 6583 589 4464 8359 8881 4335 3979 2777 6387 5166 809 1690 276 3763 9727 7505 7106 3300 6773 7189 495 
8 8464 1111 8192 4405 2497 4629 7637 4575 
16 3139 3150 2129 6858 863 3709 2461 1818 1058 3824 9767 2024 2595 4518 274 7288 
15 103 663 473 1078 6517 693 6486 5102 2344 9384 3235 8169 6522 78 9716 
25 8284 6137 1854 183 3101 7260 4420 6397 261 2231 3266 1145 2956 1065 4950 4660 386 6105 6396 9955 4075 4251 7718 2175 7615 
39 1614 4185 3860 5865 6073 6405 8865 4018 9589 6585 3107 1841 1230 7772 758 7881 8106 7123 437 8606 6087 2864 6595 6518 3656 4 5876 3500 8939 7002 1951 5376 4695 4446 3858 4057 9831 6433 8925 
34 2142 4712 9718 5552 8361 3161 4323 8813 771 8250 4663 9091 8010 2396 9112 2087 3747 1340 6308 3233 1857 2414 186 6130 6552 7939 9863 1229 6226 4459 4067 1882 1982 1905 
18 5756 4376 2967 172 3740 9579 1252 1873 5240 8653 9002 5620 7380 4003 267 7662 9944 7248 
21 4810 3438 2430 7962 5258 1743 1072 9930 7265 4874 3142 2237 5943 547 3551 4265 5956 3856 5002 6612 7024 
18 4869 4028 32 3220 2731 8681 9657 7442 1491 4938 313 6575 3542 506 4520 4613 9575 3918 
26 3828 1920 1566 3919 2099 2284 5396 1604 4632 7582 9442 6556 9080 806 997 7331 2084 8873 4359 4280 1670 9697 4237 6176 4188 1682 
20 3962 6823 8115 7520 6945 9651 8969 7454 4460 2768 2445 7635 8107 4382 1291 1116 9331 4000 8299 242 
8 7314 1527 3830 1313 8157 5025 1221 2718 
19 2204 8143 9862 9828 449 5729 7853 385 5421 2996 1567 2528 9269 1926 5320 731 859 5561 8199 
16 2512 6786 271 7357 2784 9768 3160 5856 3329 5510 328 5112 315 7346 8932 3667 
33 2721 125 42 5479 7461 3352 4804 2068 4521 7292 2348 8381 7417 9629 5675 9704 2903 786 6948 2311 5080 1289 8729 2834 3152 7076 8822 6600 5625 9239 5778 322 7708 
24 3508 3088 545 4512 6142 8779 3939 6204 2413 2398 6707 877 1727 2567 3674 9079 3738 940 4898 3234 6995 4316 9661 9533 
25 1827 3178 5852 801 4565 8258 5478 8992 6006 1901 3567 7099 7137 6854 9682 3397 201 875 8068 8061 1786 4982 9193 4578 3359 
16 39 9731 3531 4724 2602 5553 9070 4274 1081 2640 2362 5962 2360 4371 5374 2518 
11 7285 9175 5849 3813 7206 2749 3660 8141 4567 9739 361 
22 964 8360 6318 5000 1371 5019 7886 7556 6977 1770 9868 4915 9212 1382 1125 414 7583 4626 9162 2148 1976 2358 
30 7528 1444 6813 6530 1945 6855 4345 3553 6469 9835 6543 8283 7313 4694 7250 3682 9548 4597 6264 3242 7273 4100 4468 8495 8165 534 5728 3613 4218 3630 
8 2147 7249 3381 4836 150 8440 7648 6747 
29 9153 1885 370 5349 4876 8473 2186 1463 116 5870 6117 2279 7605 9275 600 5157 8335 5326 8077 996 3389 184 7354 8197 53 8281 1035 8863 5877 
30 1660 8631 3623 2270 2415 6832 4879 1455 6163 1521 6098 8800 7837 4270 254 2110 1595 7048 3646 459 8257 7274 7778 6737 9963 821 546 930 8245 7386 
17 2288 6630 2453 462 9284 5260 382 8981 4441 9075 7466 4497 7729 5298 7256 46 1797 
13 2382 3398 1863 7434 2235 2245 8940 9925 7277 782 3915 2856 2690 
17 539 8512 9886 6734 223 4423 4025 1933 155 2892 6483 7549 1316 5851 1932 8824 8345 
9 8868 8085 8059 3453 6742 1729 9164 476 368 
39 2462 9372 9933 9111 5921 3736 1163 6620 4036 9665 7699 9318 8584 5655 1053 6174 4097 5963 2093 8252 4974 5271 5106 1750 8362 7543 9086 6027 9946 7917 5747 3195 3700 470 2785 1974 1622 3484 4378 
33 2330 377 6121 5702 4347 967 2969 8984 6579 5160 2072 2108 8542 7503 458 7014 3901 7812 1779 7515 969 2525 6331 2395 659 5310 106 514 2045 2753 1583 7777 4403 
9 3795 6293 5892 9795 4411 5158 7867 7683 4107 
17 8991 7710 9314 6141 4245 4115 8791 7193 3616 9511 849 7934 1685 7174 4602 1102 9954 
22 4144 2712 8121 9425 9740 2354 5506 1011 9899 8003 3374 1485 972 9688 4560 80 4322 3353 6754 7063 1606 9914 
32 9489 2913 4289 500 5522 8583 7661 2739 6755 8317 1671 9423 1654 6431 4082 1989 1672 7107 4234 5383 1941 6282 2485 9957 1164 7800 9616 7974 9350 8567 8336 195 
20 2115 3930 636 9566 4623 2515 4105 6659 8686 5995 872 8493 2558 9027 9408 4398 9964 7096 7785 1588 
22 1486 4619 1171 6033 676 870 7741 1789 9055 1057 3379 250 7720 8680 7419 7071 5525 5979 1824 5068 2294 2876 
13 8203 8370 5890 4467 661 8548 6455 6159 1251 6155 5393 2899 2736 
34 5900 6364 8119 2609 9811 9560 5931 1939 392 2286 3620 2408 811 796 6241 2449 1677 4332 7356 1137 9717 9938 566 424 1290 5714 3679 8424 7789 8430 2540 2922 6242 8684 
16 9011 419 9926 4048 6409 5017 9487 4875 6420 7631 3403 7666 9874 1955 608 8459 
22 2522 6802 814 8347 6224 6086 4053 9039 8006 7897 6429 5966 4870 6219 2582 8170 2263 1707 6131 9448 5513 2936 
24 3074 3136 3917 1853 6289 4831 8161 3935 3577 2587 2269 8048 7377 139 4801 5568 1965 9801 6376 7598 7015 556 748 1740 
11 8784 3200 1200 4225 7574 975 2783 533 5516 3462 9927 
37 8234 8936 4004 420 6990 9170 6320 7536 4102 2873 2102 1477 941 8436 8439 2350 6636 4438 3061 5754 9021 824 9730 5195 6267 983 2378 6847 7995 7725 4674 185 3336 2389 3525 6314 7723 
31 5136 1409 2965 5789 6225 1033 6511 6709 8651 6628 1025 2524 8889 471 8525 27 5645 4936 8845 1839 2242 8946 6525 3481 4210 5850 8280 3244 3076 5524 3545 
32 5186 4439 3878 9966 7854 3908 7616 3590 9621 1666 5336 735 2150 8697 1298 9386 2619 5827 668 2772 220 6385 8241 7932 8248 8927 7706 7584 1696 9664 4191 9967 
19 168 6711 4153 6473 5920 6338 718 9744 5829 435 2198 9890 47 1223 1276 3991 428 5307 7711 
23 4665 6125 9286 2973 5285 6836 7465 6255 9830 5507 4980 3866 6536 8588 1218 212 9030 4863 4154 2539 9636 442 696 
20 1119 3788 6588 9853 1717 5448 5985 8753 6337 4478 334 9017 4370 7012 94 2283 8776 3659 2590 6753 
17 8449 9087 9306 5060 9691 9851 5746 166 4352 9685 3029 2928 8713 3104 2714 658 9799 
13 249 2702 8953 7903 397 2107 5782 2867 6367 4989 9478 1458 7613 
37 5490 7345 1596 1124 3598 4748 752 6736 331 4252 2733 2012 4187 8896 8233 745 3332 850 344 787 4505 6860 7721 9762 5401 3955 6347 7121 2420 5741 2555 1183 4333 8201 7160 4501 2615 
23 2662 798 7930 7408 7322 5980 8478 2871 4389 5255 7447 7622 9102 5257 7541 9312 9471 2177 5463 6637 5696 4732 5175 
28 4572 1996 6091 4765 7449 7961 3582 8668 4835 4960 1237 7439 1711 8828 2419 7299 1321 5530 4514 609 8354 3158 8469 4334 9598 4155 1451 8047 
22 654 6666 9245 2027 7333 9360 3774 3519 8875 8399 8632 2088 5288 8045 4946 6126 2257 1851 6079 6869 1375 6667 
22 378 1835 2181 5662 4953 6119 2000 3789 8575 2060 9681 2077 3112 4101 8831 8368 1667 7628 6538 2323 2470 3936 
14 4944 7915 7873 5021 9817 7691 4113 1376 8687 9822 2388 2290 3062 8110 
27 3091 8318 5496 1673 4222 7294 5430 7703 3320 3006 5203 8805 5570 2476 577 8522 2974 8886 7815 1610 4573 4945 9119 2816 4900 6154 8972 
12 6740 945 9974 6924 1635 4455 3196 6752 5332 1024 8020 9649 
34 347 3344 8679 3337 7212 3144 9522 6276 3587 5270 878 5993 4849 4524 3639 9047 7844 2496 6315 7695 505 5807 7728 7238 6432 2097 2655 7396 451 5930 9591 5633 8778 7566 
19 9788 2572 9053 1056 5945 5585 503 340 9723 3516 45 2459 2091 9211 1890 3943 3662 2267 3820 
12 2352 2600 7494 607 9477 9341 4914 7994 4481 3370 4806 8071 
5 8732 7168 2183 7632 7678 
20 3469 3466 2184 716 8801 833 2568 1051 4117 6218 7075 6904 2565 1790 508 3155 5526 9553 3624 1152 
20 4291 6966 8155 6173 6076 8079 1430 164 3051 2577 8042 8768 5503 5054 3583 5351 7668 3114 4016 9251 
23 723 8162 6162 521 3365 9807 162 7360 6791 7890 7420 4727 2646 4847 7923 7571 5427 591 2085 7838 773 8704 3412 
35 9663 7233 2403 8944 71 7997 1615 9959 2367 7578 5152 743 9883 1214 6555 4816 9108 604 621 4889 520 2514 2676 9344 496 8531 8709 6075 7280 1007 3223 2158 160 6229 124 
15 9702 7685 3414 5539 9819 2250 6739 7464 1949 3537 9512 4137 5627 3191 5572 
30 6169 3506 9991 7925 5330 1657 5823 1548 3385 7945 7258 2124 8052 7240 4362 1432 2303 8966 7247 1678 5355 9855 5165 2199 5706 8422 2454 9531 632 2909 
31 7056 6720 3823 63 5468 1578 5215 4500 2517 2489 647 5893 5518 884 5346 6256 8172 2542 3897 7852 7887 2466 1131 1623 9802 6400 3927 1919 8905 3081 6505 
23 7373 1326 1994 7243 3411 3105 6718 3632 2904 6942 3544 5090 1986 2399 9633 8410 6360 9045 5699 5757 5120 601 5562 
14 8038 7366 5323 2246 2648 8664 865 3425 9482 6379 6238 4449 1504 1855 
9 892 2963 6851 1100 3572 9595 3849 8979 3202 
29 3198 7868 4254 4975 9081 1385 2484 8065 2028 4827 681 8305 7336 6497 7480 9903 7655 207 7306 3806 4448 5277 3485 2820 3171 9201 6568 6626 6687 
20 5802 179 4182 3431 1498 1243 7747 5742 9839 2232 2699 9093 5 2668 5022 827 551 5573 2617 1136 
26 3491 5103 858 8465 9892 9618 5115 7908 2111 2569 4386 2428 337 2674 570 7670 2860 1401 8117 3804 6837 6388 9059 1249 2487 8002 
11 2918 3497 2265 1706 5412 5067 3771 1732 9076 4961 9756 
30 2122 550 9089 7145 76 4496 4939 1944 6674 9611 3851 5101 2264 1568 4937 9844 7361 1348 1532 2048 6056 3211 1179 7573 509 3499 121 5770 189 4541 
31 1271 365 7334 272 130 9823 3997 897 5608 8237 1104 6562 2025 1008 1466 7680 2760 2393 8159 5074 9859 1541 8103 3874 7339 1531 6178 8014 9741 40 7068 
30 4046 5998 9882 6596 5709 4062 8444 8312 3044 987 1176 3731 2907 408 2548 6885 5700 9789 7370 1393 1045 7474 9701 1069 5824 4853 8288 5564 5550 5910 
4 3879 2180 1529 3539 
26 3472 9582 5319 3306 8912 9455 6553 2800 3726 9728 6887 6310 6646 2761 1268 192 3089 8322 620 5638 7979 3272 6935 5038 6214 4325 
21 605 4949 5594 9445 358 3209 6949 3467 5574 9161 717 3023 6632 6577 7443 1807 3769 3217 2801 8202 7482 
32 7003 8977 6671 7919 3019 571 1238 2510 4240 7895 6972 5200 9261 3852 3440 8287 1766 4385 9672 8457 2342 2022 3642 7200 6230 1174 3125 8365 5618 4239 4192 8443 
21 167 1661 8537 5873 3810 2050 1917 1764 4818 7139 5509 6371 7033 1205 9173 4081 750 1744 9932 5916 9399 
14 2140 3038 922 7211 146 6101 1381 8035 8173 9135 152 7698 989 9353 
5 5480 3396 2626 965 874 
20 8239 8562 536 3231 7542 6345 4111 6515 1787 9592 2846 8746 215 8339 3432 2057 6114 1096 8998 2059 
30 2374 9192 8023 463 5569 7381 4784 5878 2766 8603 5907 4314 9441 8099 7614 4832 7817 929 8659 1584 7508 1979 52 5610 5211 1417 2630 2054 7216 4862 
43 9310 2953 5843 8408 6957 7199 7067 7038 5231 270 404 8032 5126 5418 781 3695 5774 2092 9279 8769 3678 7780 5528 6835 603 6232 3177 1760 1462 9365 2638 5612 2891 8859 1099 6551 4999 1703 9032 6010 4142 2750 5549 
27 9530 2058 7244 988 416 8466 4304 8315 4576 5403 3153 9356 2306 4671 1333 7765 564 3183 4216 9995 1347 8561 2469 7992 653 418 868 
17 5394 9160 280 1264 857 9229 285 9810 9303 3450 4072 7122 6106 30 3896 2011 8151 
21 7892 5886 9760 3890 6259 7634 4609 373 3933 9491 5912 9115 6732 925 2120 6624 4178 7625 8633 9726 4023 
33 7970 785 237 2347 1162 651 4146 8634 3937 2727 5297 5223 2066 2481 9413 5229 3998 1858 7242 7050 6427 4427 3831 2001 6050 1156 721 7 5918 165 5275 6524 5707 
11 1107 1126 9803 7671 6516 5781 7157 9715 6071 7126 4793 
28 4306 8409 8985 3094 5177 6992 1998 3297 1754 1608 9126 3226 1360 2723 2069 6929 7828 6976 5762 3427 6781 6599 6766 3558 7358 6964 5266 6586 
22 3066 3739 9144 4807 2537 5955 6922 6029 8285 1830 4285 8816 780 3050 5777 7602 7580 1518 8835 4686 6192 2642 
28 4532 9106 1709 4224 4561 7609 6319 7422 3811 2234 3584 5534 9720 402 6681 4406 8620 8051 3673 808 5959 387 6134 1197 8533 6386 1391 7697 
26 87 9125 9529 1284 9519 8733 2002 1742 2258 1108 6166 8483 9468 4680 6092 2647 7225 4116 5989 8497 3131 4783 2824 4271 4488 4022 
27 3515 5081 9528 3889 8011 3504 8777 631 6899 8455 9551 7644 3800 5454 6143 7421 8255 8751 7084 4926 4215 7526 9332 8012 6768 5884 7855 
17 9627 9282 5369 5089 6296 277 8832 4910 206 6804 2511 6206 3334 4255 7792 2335 7779 
14 3054 3366 5263 92 8529 8112 6647 376 2751 671 2927 475 4035 233 
22 3206 4707 5328 8276 1546 9750 1478 5178 3803 2488 3268 6653 995 362 2249 1793 2182 7981 7756 1691 3063 6278 
25 3775 1613 853 1346 6570 494 5124 8595 704 1537 7816 5169 7276 2745 8806 708 871 8273 2771 8742 907 2732 1239 6705 2333 
29 7639 7426 7053 8206 919 2369 2795 1659 8712 8005 3716 4943 6428 7688 7241 2779 9615 2929 4797 981 1520 4956 6419 5726 5236 8230 3911 7473 3367 
31 8568 3653 5493 9404 885 3944 1122 6867 764 6408 5015 9094 3934 4151 4462 1577 3192 8756 5961 5752 1675 1571 5775 9857 6100 1483 4321 5325 5745 1080 1244 
34 1878 8837 5145 7827 5924 2743 6723 9271 4095 3273 747 1484 5974 1987 725 8714 9777 1216 5321 6892 9502 882 8880 7963 9599 1506 3350 5461 1426 36 4599 9525 573 3020 
25 8418 593 7495 5079 2968 3243 1076 5028 3309 9178 7522 5197 4721 5185 3166 4600 860 4577 5797 8658 6330 7518 3048 1091 7450 
25 4298 6889 7431 3882 236 9905 4574 2194 351 9772 5834 6099 2902 932 2775 8355 3835 8899 3037 7989 8663 766 8235 7390 7105 
24 3864 5800 3219 4284 4812 7621 101 269 9051 6194 9590 38 2812 446 5927 51 2005 7257 2188 1575 3302 1404 1808 3517 
8 4450 8191 942 6580 9410 5628 645 7110 
37 8511 8918 2089 2479 5909 7949 8826 5306 4472 7525 2601 9734 7900 2241 484 7594 9934 4690 4453 9433 3127 5486 6683 3075 2607 2938 7231 5519 3757 959 9001 1924 1389 5329 6157 281 3507 
33 2379 4670 7544 1172 3084 7902 3964 9885 6183 2759 7324 8619 3056 5354 7559 6673 804 1759 522 3175 1161 4416 8716 2372 3876 1849 4275 8132 5897 8053 7826 2223 9794 
25 345 960 411 8056 5776 8608 9036 8894 7059 486 7170 8577 8983 1018 788 7694 1542 7317 1044 8066 9580 9840 2987 3189 143 
21 7749 9038 8502 1981 5301 2901 8134 8788 6793 816 6437 9322 5481 6223 4824 8494 9324 4114 9074 2612 7642 
24 986 9209 2207 8379 6512 6601 8367 1884 6927 5751 5433 6537 8615 9199 6261 6078 6584 7663 5495 5453 895 1175 9524 2440 
26 8625 1517 9338 879 1379 2472 9217 1881 2726 1893 5151 555 2962 5450 8999 7181 7452 7523 4313 3766 4431 2503 8635 9417 2014 3861 
34 9719 4983 1354 7850 7054 9898 3464 1185 4288 2446 4504 6065 9921 14 6394 5264 2624 6817 1021 7593 4668 2070 9426 9145 5673 140 79 6468 3280 4766 8333 479 9854 6934 
17 9100 2217 7901 2105 9617 6809 8671 7284 6967 3802 4595 9832 6648 8937 5156 9951 5487 
2 9252 4011 
16 8934 8139 7279 8802 4545 5683 4604 3207 644 1739 2625 2704 5960 2096 9465 1549 
39 5657 8515 7469 6335 5146 5096 2970 4743 6411 7660 4174 7859 4542 3486 3143 6097 5410 5871 8579 1366 2746 7955 8295 4010 1848 1219 1225 9294 6275 4434 8092 3015 3254 8423 5791 182 5037 4509 8685 
10 9520 9600 869 6341 5750 8982 4181 5127 5836 1022 
14 8366 4685 4125 3547 9015 5305 4394 2498 4470 852 880 1199 1774 9287 
19 3705 8451 3698 5544 2391 7696 9007 1086 1336 6872 3922 8929 2629 2353 9057 8223 5669 1899 5578 
28 7438 7759 9202 3477 4854 3778 633 2900 66 169 6026 6216 3732 1079 6814 6244 3493 5799 415 572 529 1733 2178 5656 3701 8034 5107 4202 
25 427 7307 7283 4161 1356 650 2301 6302 4556 4261 5867 9910 7437 4633 9309 7664 8238 1173 145 49 2888 2080 5869 1427 6520 
36 7833 8100 5972 2165 9601 7821 9887 755 9814 1552 5935 3488 5469 8866 9692 6136 1128 3322 3745 6501 6153 7947 6011 480 148 7261 4530 7359 9200 5831 6193 4760 2490 6701 7705 6448 
23 3252 712 2450 6217 2823 6107 9922 299 6616 440 7484 7158 1801 1149 7290 7681 9622 2460 705 307 2310 3633 1545 
28 9219 8064 2769 6963 5210 3454 4654 8547 6806 5692 8225 133 4981 8007 6059 3474 612 5559 8814 2037 3295 2228 320 7164 8807 6203 1656 1061 
44 2266 4132 4179 8144 5555 7481 6796 3744 4534 5337 4726 4466 1285 1184 9048 1380 4860 1954 2588 68 2725 9873 228 6046 8655 8467 8267 4199 4676 834 246 4596 7300 9069 4412 7204 4283 8626 73 5432 6731 526 6417 5423 
18 9986 7268 1600 2689 9359 4516 8919 7959 2925 2734 4780 6770 265 4908 3914 5316 7376 2038 
21 2082 7627 4204 4263 6036 6201 1840 8551 2042 4329 4358 9368 5041 9908 5155 9230 2034 6301 1292 7604 7034 
12 1215 2171 1146 7534 8298 4990 6009 1365 4007 3818 3502 5732 
35 9676 2604 4519 8867 4691 6700 8507 9434 314 7983 111 792 6482 4463 7369 6032 4510 8096 9642 6933 258 1645 810 4231 7427 6311 4230 1482 9154 8891 8707 204 4269 7617 6702 
13 7882 4021 7162 7019 3760 5815 4786 1474 6643 7479 2741 5267 1904 
30 9648 1813 6614 5813 8145 8205 1812 1202 8222 7214 2886 60 218 4700 1133 5242 6368 6631 5429 9340 7051 5138 3002 1467 7888 4484 3872 5399 9771 3275 
32 6133 4913 225 4986 9127 9923 5724 9262 9710 1587 4171 9134 617 7203 5287 6196 9537 9429 4555 3993 141 1902 4764 2776 8951 1281 4372 2033 531 5228 330 3594 
2 5721 8967 
32 9508 9983 4248 5092 7502 7004 3776 5556 9436 4711 2051 1396 1980 235 1800 6519 1967 6064 9785 3992 2636 7006 5411 67 490 8627 9155 793 9826 5462 7822 3098 
27 2332 724 194 3772 6824 2931 4002 4899 2154 3077 3221 2737 1681 5582 1591 4840 3174 8976 5583 3672 4096 3967 6292 7259 1688 5278 3341 
34 5348 7136 623 7039 4172 9997 8130 9223 4052 4180 31 2491 783 6496 341 3003 9773 8724 3343 7577 2836 8666 3274 2161 6096 7938 9690 4041 9956 5926 9555 955 7343 9005 
20 624 8605 9754 2021 2599 9221 3436 4121 6378 7796 1911 2309 3846 9240 9607 2621 3285 8097 5033 7239 
36 5833 8503 3734 6991 9609 5065 7184 7722 3028 8572 4324 913 2594 7489 6250 2598 5439 8090 8602 1585 1641 3184 4162 702 6788 8380 7297 4257 1074 8861 16 3787 2252 4383 1350 7509 
31 8313 4795 5147 5460 371 927 7413 3529 5296 9451 301 6035 4310 349 6019 9290 9656 2196 756 7950 7964 421 4977 3819 7073 4728 5623 5198 763 6323 2363 
25 8721 8136 1842 8624 4523 3610 2063 3154 3328 6452 2151 1123 8289 5532 9330 8741 5523 4060 8688 6406 8383 8916 2808 8428 7147 
24 881 1349 8665 5766 4713 2696 8876 1565 4485 9276 2585 9546 9737 8785 1676 1686 6480 7682 552 5050 7665 9375 2852 6454 
19 3265 8384 9467 2669 4337 296 3870 5883 5044 5148 3676 8589 7611 7953 3715 2259 3612 3797 8046 
36 251 8636 9552 3349 6070 8082 1452 2683 9960 2767 1969 5599 491 5942 6177 9608 3095 8391 5204 6845 5368 2583 1479 3041 937 6693 5551 7801 469 8508 5011 2671 1683 2908 3792 131 
36 6627 1147 9454 360 1064 3035 5653 3677 4079 2326 1301 4149 1278 8152 3417 4759 4611 2287 2170 5964 762 107 9797 540 1425 1497 4540 6348 5362 6958 8320 13 108 6112 7163 2914 
32 900 8089 8488 2730 4918 7977 9129 5737 6914 5889 667 4886 6717 8581 7784 6521 3945 8888 7863 1095 1043 2843 7154 188 9210 8216 9061 2592 2998 4189 8877 8196 
41 7205 3550 3137 9722 2561 7750 3894 9884 1394 4038 3593 8960 8212 8307 5999 918 7651 2614 5464 399 7440 2715 5353 4330 8268 7077 2345 7630 754 5801 3428 4106 4893 6240 9302 7755 6619 736 3031 9438 3505 
35 2298 8580 3571 3046 8371 5591 2113 2100 7563 5536 3520 9120 6576 6782 9749 5342 4286 2157 9714 3742 2502 1295 7673 8282 3871 2679 8717 7814 948 1680 9792 4905 1599 5718 1120 
22 2193 9775 8879 7374 6979 3304 5581 7165 5533 4697 7183 6148 9169 2277 4308 5596 6045 5254 7951 637 5311 240 
9 3362 8274 6200 1564 6208 2455 7927 6756 817 
36 8156 6151 9383 1377 6088 56 6093 7831 302 9507 3405 9123 7391 7834 9024 807 7476 12 5388 4723 3390 6118 5760 6943 8279 2321 9196 1148 8385 8168 9446 4305 3718 7742 5937 4197 
20 6220 9680 9254 119 9947 5182 5816 3605 2305 6430 3475 935 950 9109 4404 9804 2649 933 839 789 
32 4087 2713 3963 216 6857 4515 582 8105 6605 6708 779 2375 6880 5140 3216 3501 561 1255 1946 5268 1907 8963 3121 1317 6953 7689 6235 5039 2125 6306 1820 3305 
33 2698 9765 4339 4476 8043 6546 9936 2329 6470 8278 2516 5545 579 2152 1699 18 4393 4779 7524 2376 2623 3378 9095 7565 1141 234 6461 6944 6294 8232 3042 4649 9277 
36 2007 6911 1341 7424 7138 1826 3688 6080 7985 70 5855 3611 8078 2608 3863 8363 3853 5494 1093 679 1087 1898 9876 3522 7112 2880 7896 5637 3791 9782 9215 9146 7702 8607 4531 5407 
9 9586 951 8133 7572 4826 95 4228 7557 306 
33 8452 6365 7568 9499 7166 1191 2610 9669 6968 3780 9014 6676 6384 455 5825 3965 4554 2224 1015 1983 5055 5443 3741 8722 5159 797 9646 4927 8726 2606 9977 2492 5784 
25 9158 646 292 6989 8555 3169 7732 8176 896 6896 5853 6871 6280 7477 2304 7342 7912 3958 5409 4593 1369 1232 85 2482 7684 
40 8070 1642 7496 2185 5232 6514 4778 6481 6881 86 9818 729 6569 7649 82 7751 5312 5977 7818 5446 7215 1576 2847 2656 7151 8138 6978 6246 9387 1312 9025 2794 4451 9650 4049 8482 9461 8541 5661 4203 
20 3753 991 4365 4264 688 9784 5929 9418 9462 692 5171 8108 4055 4562 7672 7806 255 4564 5302 8895 
34 9764 2280 5474 6664 4883 1579 430 3781 3543 3229 7042 749 2457 1865 5361 4522 6052 4904 5436 4641 6644 6465 1327 4140 8641 2456 2411 7436 1972 9259 2300 685 2172 5434 
22 5317 1590 6888 9103 8646 6290 5042 9085 3340 618 5005 8004 9593 1037 3534 1921 9534 3574 5880 4219 4651 492 
4 6012 7196 8088 1640 
39 3134 906 9918 9700 3690 8319 6931 6819 7131 757 3347 1652 1758 327 7011 9311 3535 2839 8674 4311 8654 5819 794 1962 7410 5334 5508 7459 8808 980 6492 3093 8980 818 7335 8612 4296 8519 7281 
17 1071 4964 6415 1626 3635 5391 6447 5786 4235 6622 5004 8935 3661 9994 4768 6104 6999 
36 4127 2410 590 4133 8123 1254 4350 398 7146 9736 4790 6789 7714 2964 778 2243 9753 5265 5790 1931 759 1562 9827 6350 7586 8098 2019 9635 4320 5318 9558 5408 8770 7824 6603 5230 
39 5758 8374 8327 298 3012 7537 2238 6853 1909 4568 3928 2926 6266 4683 8332 1204 1522 3518 2032 3591 8396 8008 3712 4506 2819 7001 4479 5057 1892 3335 587 3719 3903 4962 6258 5798 1958 4841 1288 
38 8087 1003 6748 3724 1547 4338 5125 1318 7375 4553 6507 295 8870 6191 2845 5471 1304 7713 7133 4799 5029 9131 1261 8941 5273 8113 6060 3929 675 1653 5857 1559 4042 722 6750 4013 9374 6828 
19 7387 8694 5279 5087 6971 4756 1246 876 674 5116 9232 7746 177 9234 4503 7411 2404 7492 2825 
41 7182 4268 3313 7161 4929 8480 616 1019 9117 3619 2055 8331 4145 3812 5253 9517 6613 3120 4803 465 3588 8019 9304 231 710 2049 9354 6919 3562 4750 2840 9970 2770 5720 5944 9172 4292 7460 1247 9906 2544 
41 9573 8921 9916 7093 6063 7252 3021 6439 9677 8874 3289 7472 2597 8350 2276 5538 8618 8710 3528 4592 2897 247 6453 1343 3032 6342 7825 3458 2664 9796 1006 5697 2530 3880 3097 1569 4865 144 8582 4846 8594 
41 3737 6260 2818 5629 8535 5108 4374 1020 8171 2659 1646 5571 5665 9766 5504 8147 464 7641 5020 3386 7036 7937 8210 8556 3825 7700 3631 3857 4319 6997 2848 3402 5415 136 1139 3204 3664 4241 1510 2755 5398 
19 6353 8692 3847 6038 3573 37 1702 3699 3145 5730 1781 5872 6712 7021 6234 4440 9490 3907 6527 
39 2134 638 8414 4156 5225 2983 9915 8847 9638 8178 9227 6170 3286 5174 3994 2724 5953 7111 8740 7115 9532 4158 5631 391 9673 8122 2586 3723 4725 7766 2509 3749 4987 1418 1705 9334 2130 1718 2090 
28 3117 1745 7263 7811 9364 5838 9972 5082 5695 772 9564 2857 1441 1553 4099 300 8973 3124 9645 3338 3970 4607 6272 1886 6380 8353 5135 8536 
18 7595 2661 1453 4958 6698 7171 3513 6132 9684 2126 2673 6247 4366 8597 4966 9035 6213 4027 
15 8767 9225 7009 5226 2844 3182 9110 2859 6184 2945 866 2933 4701 395 2409 
40 6467 2169 4622 6185 7795 8700 4891 8301 2163 2225 7058 9380 4662 5606 8957 4120 3259 4955 7173 6479 1300 7986 3643 5723 5173 5501 3380 1378 6221 8543 4186 3969 557 3985 181 8054 2627 976 224 8154 
4 2605 2573 8254 1959 
54 8377 8789 9472 3569 5672 6111 8850 7223 2508 7441 8022 6870 9476 7049 1150 2813 939 3346 2658 9326 1410 9536 5586 1929 5244 6494 1134 142 1558 5543 3617 8131 2117 1038 3883 1212 4103 9329 9430 3618 2208 8069 4538 5370 8217 4243 5859 4124 626 1948 5841 7404 2273 20 
