65 4119 3968 5097 6796 8080 9646 3914 9385 8950 7543 5829 2049 5360 6566 3019 572 174 7748 5878 8874 2061 9883 7135 8330 4401 1589 5803 1972 1870 7290 9959 6502 4332 66 3409 2593 9419 4557 2806 2133 7225 9195 8767 7547 945 3032 5735 7389 2655 9657 5981 7287 7595 3614 4271 5466 9535 9765 8225 6947 3857 1690 4712 6835 2497 
0 
0 
6 6599 3660 5455 3042 8854 2922 
0 
0 
0 
0 
0 
0 
0 
0 
59 6197 8246 2864 8432 3937 1021 8400 2228 170 2756 4715 9484 4587 1787 2346 8798 8572 209 2489 9267 4864 4520 8894 4223 8189 5830 2877 9458 7809 664 210 984 4902 7778 9560 9674 5899 241 3329 6958 9337 9005 3789 3617 346 7594 7895 942 4150 1714 1266 4479 4580 3092 6161 3970 5002 6647 7540 
32 4494 4503 7724 2304 4249 1923 740 3528 8264 9853 4413 1431 8224 5964 1880 3241 1507 3723 6991 7912 6628 3184 9896 6054 8496 8856 8048 6107 5089 7827 459 5234 
0 
64 1999 4760 7132 7539 2785 2418 4327 2195 3671 3836 4627 7375 513 2771 2158 8441 4640 2960 8603 2654 9420 7209 5175 3298 8558 7072 430 1661 4598 7859 693 3137 4614 6861 7733 255 6724 7410 3371 7208 591 5288 672 3357 2347 3864 6636 2545 6981 6631 8747 9524 651 2718 9912 3601 7789 3161 2985 3106 4685 4605 1508 7326 
0 
67 2870 660 7855 4236 5324 6778 5675 8841 1049 4200 6421 9097 7668 4307 1865 2232 9338 5090 2176 6344 4163 3228 9839 353 545 7830 228 5579 3629 5367 3974 3377 4448 48 7044 8095 9264 6403 8158 3085 1502 7428 4498 2362 829 9026 4528 1979 9649 3739 5518 6501 3447 2883 3848 856 1279 1396 31 4947 4827 6722 1697 8819 8631 7559 9138 
12 2353 7356 9619 7142 3156 1837 2040 4277 3263 5421 4233 9341 
5 2841 5757 9531 4140 6127 
63 4182 8299 7175 5846 8592 9940 8733 5855 6177 6211 1794 3847 2298 2242 9936 2247 4874 2318 3254 6847 790 6210 521 5124 741 5405 9300 2686 7321 918 4829 8630 6426 3753 9681 3067 3073 9011 4693 6104 6315 1910 8198 347 2958 5961 1859 7224 8852 7754 2896 3208 7730 9705 2834 7741 8228 3468 5717 6179 1627 9741 592 
58 4141 5233 811 5555 3339 3560 3518 7416 1123 9629 6868 1236 4948 7891 7751 6615 5401 7693 5071 1980 7614 569 9247 5000 8899 2998 2790 9792 4161 2114 8148 361 7909 999 6617 4596 2886 1743 4686 1159 6165 9775 7263 1129 7486 3438 2964 399 9759 3196 4517 8165 5729 2807 5953 8479 1298 2894 
49 8346 7511 6610 528 5237 8745 3373 9520 6767 3318 4858 5596 3934 4341 9870 7709 8573 39 9187 2314 6024 5048 8601 2549 8732 3616 8982 5040 5567 1195 588 444 1523 2112 3485 776 1090 4154 2240 6679 3154 983 3111 8146 4811 1601 9573 6269 4345 
0 
0 
58 9714 1788 5241 281 7458 6936 4219 291 5585 1795 8937 3783 1542 7598 4642 1411 3711 789 4736 9093 2055 1899 7645 4284 9370 4601 4743 2759 337 8422 669 9197 1571 1828 2564 1346 6249 3737 6839 4405 104 921 2764 9449 897 4403 1731 1997 7717 2626 2938 1975 624 1727 1345 2134 9255 2480 
0 
0 
60 7148 3240 5535 7494 5475 8297 1036 7516 5534 5244 8714 6125 3049 8754 6427 3079 8488 9675 3158 1519 363 2909 9771 7328 7939 8755 4658 5869 3321 231 2981 604 7779 8221 2653 4118 3824 4868 1190 5778 8662 7446 3093 4041 2377 1912 876 2437 826 5686 4287 8994 3940 2523 2716 5736 9188 3808 900 2895 
0 
63 1048 9858 6897 8406 2335 4088 1818 130 4777 6995 3680 7773 2569 9229 3335 996 8911 5739 425 5146 3320 5222 9067 753 3286 8967 4100 1371 3798 9434 1467 2973 6375 1552 5270 5409 9830 52 9596 5989 5385 7635 9611 5853 7826 8825 401 2196 5814 1570 7073 2796 6943 8637 3717 4026 1486 5280 1150 8132 1946 5561 6787 
0 
2 2446 3117 
62 8078 2452 7545 3503 3471 2604 6250 7230 6237 1448 7249 6016 3346 1198 1344 6205 3182 3427 980 9231 7661 257 715 7082 6224 76 3435 916 7860 5664 9 5230 6483 9588 958 2219 101 803 3231 842 8495 4842 5750 763 5676 3924 8738 4651 4265 4038 814 7647 8002 2054 9045 2907 8941 1559 6038 9768 8629 2388 
2 3883 2098 
67 7426 7324 9662 1468 6200 4773 8356 69 4966 4400 2752 4084 5726 515 62 9909 2608 7347 9892 1821 3544 987 1307 3835 3364 5501 7935 4344 5834 1126 1701 6915 6457 5027 475 9290 7126 7200 3567 4740 5631 3880 8054 6140 8705 9656 7444 9479 9013 7892 8104 5624 3478 3352 8306 7477 8081 6052 7731 501 7817 7934 5779 1367 1099 697 6479 
0 
9 6198 9351 9822 2223 3183 5588 5876 7643 7245 
60 8044 671 7382 596 1734 9743 6935 5112 896 1250 4629 9777 9302 1243 1440 4251 190 2961 9006 4158 5121 8668 4941 9979 6552 8721 9618 8826 3807 5909 6228 5346 3853 3662 5239 5573 4035 7040 9162 6307 7959 7716 151 4849 9259 2529 9602 6273 3752 889 3649 7738 2088 5734 2041 6271 4897 6952 2719 5453 
61 3636 7828 4469 4805 7222 6595 7331 5116 5117 9719 7203 2018 8093 7117 6744 5439 5434 8289 7784 5189 6989 4687 8413 907 6719 6114 8842 2730 1452 6670 214 5746 6170 335 6124 8082 2029 9779 4618 6035 5891 7971 668 1072 1782 1372 8308 6769 3842 1800 7542 573 6667 8272 5844 6189 1851 503 3876 7652 2980 
0 
4 1890 4588 8760 5906 
18 3171 2573 229 7489 6738 9084 7629 9921 6707 3026 9070 631 454 7051 9234 8069 6067 2816 
0 
4 6781 6096 5959 9861 
65 6808 7822 5837 5557 9417 5941 8977 9930 6234 6284 5182 605 6262 5912 8494 1245 7369 4145 1610 7745 1089 3362 6138 1215 4266 8616 7404 8248 133 6272 7077 844 1517 4139 6350 8200 1169 7591 3056 8643 5458 9230 6984 5623 6886 366 4484 50 6579 7480 4783 4105 3936 731 2385 2904 5667 7801 7926 4791 7194 9827 5033 6065 6441 
0 
0 
47 1833 2607 6062 9361 4481 6168 9785 7985 4144 4005 4567 6731 6658 1009 5759 6971 5570 7390 8988 594 2725 8859 2913 3834 3686 3944 639 1894 8283 4240 9525 5236 4706 4372 179 342 5625 3793 7686 7140 6465 6799 2751 3727 9148 3274 7261 
59 9872 482 6668 5467 9257 2649 9797 9019 7890 9397 6348 1430 9856 1414 5218 1944 6854 6163 2843 8912 7876 8358 5350 3507 1214 1920 5438 1091 8149 6591 4276 9595 8688 1469 5199 5464 7476 326 2662 1379 2898 3178 6243 8173 9146 7905 5300 7714 2328 3157 2094 7677 1967 2544 7861 6498 3159 4063 977 
0 
57 4753 3860 8440 8399 5865 4239 4909 4436 8273 1631 220 9504 3001 5138 7296 2435 4190 8638 7580 1692 6531 1349 5096 2120 2705 9216 3819 4546 7344 8796 1535 6075 1536 193 2485 5056 5001 5825 8866 923 2639 46 9137 7420 2002 8136 4462 5785 5140 5016 6534 2627 4820 2008 788 8412 9748 
0 
0 
63 9435 4980 1425 9460 8026 7698 8547 7442 9150 6444 768 1138 9055 2644 7866 5396 1707 4799 356 6824 4997 1233 7131 3494 7009 322 2842 6829 6044 2546 4167 7307 2034 1537 2407 1578 5060 608 8208 5164 154 1984 4007 1251 9062 622 1586 5184 857 9978 6339 8810 581 6503 6041 1288 9505 3218 5513 3285 5473 7049 4678 
0 
61 6392 3581 9248 1896 4259 5938 7636 8949 1964 1737 5724 3347 1133 6779 7239 5228 760 4315 1354 1304 6606 6033 1548 1867 7873 223 4092 4985 7712 2428 7831 6624 6837 5731 4438 4482 4453 6058 3142 9614 1296 9843 6855 8079 3676 3712 18 113 6248 9065 8043 7411 2709 891 3057 8891 3030 1533 9995 5204 7899 
0 
59 5046 9054 3247 7574 5771 7402 544 7384 5349 4046 6445 9428 1264 2775 7842 8050 3741 7675 5911 230 323 9973 3379 9545 9092 8448 5259 9414 3393 1401 8109 2220 9877 9810 1047 6905 1450 3433 6685 3751 4982 4022 4968 7301 6909 9181 4741 8555 3588 4381 7991 9542 8195 1891 1473 824 8683 8351 1154 
60 4322 9284 9764 8152 3772 7358 2 5516 3707 1025 9241 7087 8012 164 9795 6979 3018 431 51 59 3670 4028 7076 2184 5162 6486 7682 2704 7431 8882 8942 8175 1173 2290 7829 9551 8171 8304 992 3337 4854 6605 410 8748 284 8962 3996 2360 3098 7517 251 9698 990 2487 578 6564 1954 7775 9958 9697 
0 
0 
0 
0 
64 7674 5370 5801 436 2795 8125 7011 6655 9039 7976 5448 1659 9678 7259 1282 2918 5433 4273 484 926 3234 8689 3110 9793 6460 6367 237 5691 7288 2551 2342 9232 9312 1876 9409 381 1033 478 4924 2665 9009 4208 4102 7034 1381 1687 520 9108 4336 3163 2405 235 7508 2749 8880 3653 4590 7852 9152 2215 1268 537 4331 5638 
58 654 3877 9213 1060 910 2933 4535 2135 5082 589 5166 1521 2673 3669 7896 4048 2161 8486 6097 5238 1724 8832 798 9466 9158 8509 4748 7557 6448 2125 5378 6851 1391 2484 834 4752 9266 4719 5977 4441 2742 8059 6825 9176 349 7734 8520 6761 5813 5747 2848 3345 6371 6955 2952 1990 7021 9784 
64 6423 5030 9136 9820 9202 702 3385 8464 9384 6113 294 785 5990 4530 5188 3272 3513 8645 1028 5700 6329 7268 8917 7925 4374 2647 3846 564 5118 5600 8384 863 539 4633 7656 8713 6607 183 5590 1117 4054 7425 4133 4301 9125 6019 9715 6455 8451 3947 8985 2732 1538 9253 3214 4984 6867 8895 4592 5317 5178 4771 6164 3810 
0 
66 8946 601 8896 6154 3533 9635 3316 350 1926 780 6556 7957 7176 1639 3541 3486 9880 8235 3770 5822 7835 5429 2030 5584 7706 2948 5768 2416 2390 9464 4045 922 2845 8787 9666 8031 2315 1673 7500 3113 9426 5340 500 9473 9897 2449 5979 2486 1162 3133 7933 2284 8647 6619 8955 218 3930 5725 9563 6637 8011 3024 4502 9918 1185 9307 
65 3766 2648 9887 3628 4060 8740 89 3951 1059 9268 9907 6485 1373 1593 4137 2687 1525 5168 2832 5183 2009 3794 2100 7387 3434 5811 292 1459 412 3806 1914 5727 9355 2283 5730 8999 6768 756 1213 6792 4187 4991 8098 7685 8570 4709 7311 2476 9652 7967 2340 4255 4369 2885 9934 6169 7223 3226 5970 6626 6974 5681 4625 2103 3143 
2 333 1785 
69 8141 7576 1824 8183 698 9366 9747 5898 8778 9079 8234 1016 3411 6822 5522 5201 8365 9975 4953 9491 5802 4900 3388 6412 3262 161 8284 9750 6115 2033 3812 1721 1482 2671 2237 9668 9570 2753 1886 7676 6962 4085 7189 2839 5246 7732 774 9521 2750 2787 129 3053 7452 6848 1183 2612 2072 5515 8749 7858 6573 2516 6496 3381 3829 6121 8909 4901 6575 
3 2822 1959 2635 
62 3922 6190 476 4568 1924 2482 1520 8872 8820 721 9773 6304 8958 1160 6389 8646 8389 3802 7374 5597 4178 3603 54 7928 4914 5766 5332 8775 4074 5132 3063 1413 981 3605 6204 6758 9717 1973 4847 285 9626 8113 1970 4972 5094 1332 9938 8430 6467 5649 1718 3237 1305 4973 47 9463 6442 9786 2267 277 9799 2518 
59 8786 4759 4474 7031 6765 5881 3268 8193 375 2873 1042 3917 6167 2744 3299 6944 1797 4792 9562 7039 4720 1915 7443 394 4081 1223 3446 2464 2300 6521 3927 2245 3805 7808 3594 599 9730 8674 7325 1696 3270 6080 8853 5225 3426 2250 2721 4196 7280 5907 940 4224 321 2925 2386 6942 9204 4576 7649 
61 9014 7735 2847 4701 1712 4169 9522 3694 3278 3 2633 2358 4104 4183 851 9898 383 2846 1971 615 7407 5329 2826 8455 7459 7118 3269 2171 6414 920 318 6223 2111 8843 8480 812 6739 8984 2650 3788 8930 3966 7137 2934 6840 9945 9101 6659 37 9074 7551 1594 7788 1943 8658 9164 6821 1875 1212 5674 5921 
56 9601 1660 9538 7984 6640 563 2169 3762 9076 8910 7607 675 9546 883 2536 4454 4044 468 7664 1680 8499 6318 8296 4136 1085 8352 7104 8807 153 3344 3961 3939 6146 650 4299 9345 3248 2974 3738 1605 4029 423 3613 3257 1527 7505 4042 4615 6932 2345 8105 3279 825 2804 4594 973 
66 3873 9211 8383 766 2152 2777 2858 7351 2350 9836 627 2768 3238 2677 3703 236 6616 8454 2238 2950 2613 3715 6584 2071 2083 1096 3791 3431 6999 2539 5497 1097 4749 143 5962 5716 6692 6321 2060 6629 6594 8498 9387 5741 7823 1216 4399 8138 3012 3809 725 5250 4036 9661 2383 4490 621 2308 4981 6074 4257 4940 6598 9556 2994 8311 
3 1267 1897 9500 
0 
59 45 3216 2563 9157 5245 1816 7309 3987 7026 2186 2395 3610 7408 6221 4116 117 243 266 7401 7610 7950 9689 2643 1919 8752 5993 2082 1170 8378 3108 2372 5565 14 2312 8319 302 9487 7433 4879 9644 3964 8030 8508 8065 4426 8742 441 4416 6717 7413 5870 5548 8596 5859 9444 6240 4419 9558 6172 
0 
65 5835 9890 1415 1348 1746 7529 108 1614 2767 357 309 4739 8421 8992 9329 7464 7944 9943 2027 902 1032 5490 7257 7767 6252 911 8605 5451 4180 2903 2560 512 3888 4148 4424 8295 7499 2692 9999 5755 7353 9998 6083 7963 3445 6023 4508 7530 542 5011 5180 1017 1374 3219 7713 79 6308 5276 6266 8062 1001 3870 4789 2084 4329 
63 577 2993 1187 1573 159 4338 7173 747 5632 6275 3992 8584 5883 4323 4828 6652 6793 2281 358 871 7743 2078 1000 1023 5106 9007 5890 5200 428 4090 1308 4776 9616 2888 112 4555 354 8119 5123 2625 483 8525 1757 7821 6831 1814 770 4000 9623 3374 8556 3081 9082 6833 5711 9947 4762 5543 8037 3633 5284 7341 7234 
0 
6 5968 3845 8642 7305 9917 7105 
0 
0 
0 
23 2198 3172 1152 5713 1674 3103 5376 9848 1802 7046 1694 4130 5818 4215 1145 1719 8702 8947 3600 1945 3750 2831 1432 
0 
0 
0 
0 
0 
47 8039 8121 6265 3027 4802 850 8083 9382 8162 9761 1681 9391 8746 5863 9439 2409 6274 720 6523 2802 5509 9087 3058 6814 5441 3685 9207 7702 4317 1054 131 5531 3359 5957 9534 5463 7956 944 4675 3526 8344 8789 4979 1878 7457 6907 9620 
47 9543 7006 9695 1491 9236 6363 9416 3391 919 3722 2622 5323 7359 8741 7592 2542 9889 6185 3925 4533 8350 8337 3246 3028 8338 8550 6166 2256 2821 7622 386 4493 755 424 7373 2696 2688 6700 3509 6391 1018 1031 1061 7683 7617 3041 8792 
43 750 3181 8492 9131 1860 6889 2506 3177 9625 6554 9242 606 7878 4734 9954 3215 2989 9363 886 7466 2808 6238 1044 249 6836 4226 3963 5827 8139 5810 244 9807 5099 7211 6642 4755 7600 372 1583 88 4959 8788 5764 
0 
29 474 9251 8049 3367 7086 4358 888 8528 7038 6263 3863 1557 1389 2859 1962 6006 7725 4970 8226 5493 1291 1823 1901 562 727 7904 3561 2079 5341 
0 
0 
49 6845 3827 534 5984 498 2876 2736 8261 6516 2352 6794 4942 3804 7538 3281 5177 1167 4017 5975 4647 6820 868 4290 7059 5290 3849 3449 157 1726 3525 9852 4838 3204 4648 8684 5931 5605 8380 5656 4013 4242 2117 2729 9886 8058 8782 9244 9991 8768 
0 
0 
60 1141 5500 7639 5952 8952 487 1835 3524 1421 5460 8693 4817 147 5916 0 927 252 5278 4641 4638 5781 5647 560 9502 7958 4696 1490 6471 178 3889 3401 2006 4815 4232 4492 3890 2087 248 7447 2272 1426 1940 2676 4245 1699 9605 5792 6560 8084 4450 2214 8018 6181 8244 9774 6881 2371 5361 3021 9354 
56 3815 8546 2713 6001 552 3312 3099 3126 2343 9980 7679 2439 6437 800 4004 6331 597 7415 7815 7032 8294 2610 1003 2316 3879 1029 831 2151 3897 6924 7803 3043 9776 2173 7578 1058 1164 5563 3564 6031 7657 2199 9335 4705 8823 4138 9143 2571 4346 2881 7631 2969 8387 9847 6061 6639 
0 
0 
57 6638 8339 551 1779 5310 6973 663 8697 5797 8178 1804 1222 6215 9781 2415 7462 8391 5064 1292 1319 7237 4423 2165 9217 8761 5202 9729 4072 9400 2466 7221 2975 840 8827 4653 3916 165 658 4211 2180 1528 8863 317 114 6858 3084 6797 1576 5536 796 8501 1607 2850 6810 3071 7722 9941 
0 
58 7937 4107 6671 7569 3051 6928 9559 1197 2555 8439 8549 1969 4903 4722 7526 4550 1657 5312 4264 8944 6357 1435 1754 4892 116 6612 6601 4617 8489 6846 6380 9292 4750 7438 1073 3621 4826 3690 4330 935 8405 8719 6801 9503 1857 2953 4905 1626 616 5937 3668 9615 371 3957 6969 8879 9969 5208 
0 
0 
0 
0 
69 9155 4260 3209 8835 7397 1670 5794 9632 4824 5612 1758 571 3122 555 9665 8111 7777 1299 2728 4758 7078 3304 1676 5384 1256 4945 4383 5347 6763 8989 3695 3010 3700 9060 7265 1070 6743 2278 449 6180 222 6466 5399 8429 7632 9083 9566 7504 2880 890 1617 2190 9205 3577 8929 5629 6222 9112 6783 9030 8916 1295 6094 8539 6149 6142 2630 1911 8696 
0 
0 
61 6042 4852 5955 8590 3534 2836 26 2472 3259 3744 2339 53 7719 3090 6212 4672 4880 7755 2001 6515 6666 4124 4281 9908 1182 2887 8861 5847 4583 6945 2683 6338 7556 6968 9734 9427 7248 1640 2754 6827 4886 853 8021 7302 7451 4569 6355 9433 661 7972 2104 2264 9642 166 5928 836 2016 5273 6301 4915 2936 
62 1965 957 9498 3361 5136 1113 6258 7699 3620 6869 6876 8266 7149 1487 3348 3858 9725 5084 3785 6364 1189 4032 3955 6310 6213 9365 1621 5152 6433 9876 7515 2206 7673 7889 461 2929 8156 7783 6043 4781 7786 5788 7085 1362 9603 4463 8940 1995 2046 6325 8110 2448 7968 6184 1323 8774 2968 4235 9882 711 4188 4275 
0 
0 
61 8097 7256 9446 1125 5595 5476 4650 2140 9817 5520 4573 4355 2258 216 8831 3619 6393 4083 8904 2457 7062 391 3892 7811 8907 4906 5905 3094 6684 6026 4779 9326 982 5982 2695 1376 226 1338 759 3973 9237 7646 8473 4198 3206 8382 2074 1497 1500 1974 6040 3493 20 641 7856 1655 4058 7424 8167 1397 2681 
61 445 8184 3496 5149 1956 7871 7421 6402 1756 5598 4227 4001 7952 5744 7910 6244 311 2470 689 6572 1039 4292 6225 7753 7423 2946 115 7150 7258 1856 6398 8926 96 6726 2043 6009 5205 3327 3261 9701 9429 8 6529 5283 6081 7274 29 4342 898 7998 3510 7154 7923 1393 860 574 9438 7903 7533 3048 447 
33 7229 6488 49 667 273 1558 232 4472 743 8974 8013 2629 4657 6651 7377 9833 6192 9902 1461 245 635 775 3971 8757 9530 5034 7640 4142 1513 8342 6239 7857 10 
0 
0 
65 1813 395 6543 6597 1196 8969 3260 5815 6925 1597 1855 5102 5 7327 9184 8463 1725 2039 8588 5133 5055 332 3277 1002 9664 1935 239 259 7663 9010 861 4862 6450 7102 7013 6698 6492 4570 887 595 5150 4202 6505 6020 3029 5626 4308 1208 2317 3469 4210 5709 5728 640 1287 4936 6533 6203 4841 556 8589 4956 4364 7063 6405 
0 
61 3440 5057 3384 6683 9037 8286 7752 1772 3331 3623 684 4309 7605 9380 5302 9186 1839 1310 4785 2230 8628 8808 5327 4375 7560 2017 6721 6996 557 1706 4373 938 2708 7155 9587 5272 2246 2164 4604 6247 6549 9926 5576 5922 7687 2553 4505 8770 2398 3938 1543 3710 2572 3451 4683 5845 9645 3334 6135 3386 531 
61 175 9282 9692 7487 2241 656 8481 6970 2599 9806 4976 9027 81 5619 630 1258 7981 5861 9442 1792 1849 7503 1564 9964 527 1934 6352 7388 1046 4157 9712 3657 7558 2889 6953 8414 6326 1336 1845 3245 1116 3915 6131 7293 2102 267 4121 5657 1686 3369 6408 2311 2942 4352 9767 7837 1928 3038 8180 1596 5517 
58 7584 2182 6319 5608 9104 6046 6003 5895 2141 3164 6379 5706 4221 8478 2853 6470 2983 4247 9737 893 5514 532 8943 642 9809 9179 5974 6735 673 1853 1451 3674 1488 6384 5484 1403 5692 801 1806 7582 1230 1356 6923 9472 7902 7490 4222 2393 566 8979 3734 8582 1801 953 2786 3444 7134 519 
65 9189 2146 2517 3775 8934 9470 3149 8829 5207 1600 6681 9937 1283 4553 8865 466 5010 8460 8322 4931 5763 4958 9375 70 38 9089 3273 7554 3134 6646 9844 7112 6156 9453 169 1221 9276 7437 6494 7975 1903 3569 742 7507 2733 1438 4772 142 7339 1628 9948 7602 9020 4020 730 2703 8987 575 9723 7965 4963 9607 2623 6202 6014 
0 
0 
64 6950 9925 6227 9443 7216 9942 5653 7979 6463 659 2430 9974 9708 8293 6551 8791 7960 8518 3654 5568 9919 1228 872 1163 8611 4295 4425 2589 3502 9448 7130 8254 30 7033 4112 633 4496 505 5640 2420 6789 5444 4806 3843 6126 9722 8449 5019 6702 25 8203 8567 1474 8409 8750 3421 1916 7470 3305 3580 8964 5644 3952 694 
65 4974 5325 6152 7395 2855 191 4803 6092 9966 6748 4455 9627 8250 6580 704 7299 4298 2531 6409 5105 4079 1242 1269 373 83 7345 997 2076 2685 4599 5840 782 5093 5006 4365 274 2475 418 8867 9295 8155 440 6120 2344 3549 4987 272 1334 8600 6259 3223 1153 9569 8188 7376 3687 6916 9900 5685 3816 6513 870 224 3642 7492 
61 4523 9488 9561 7720 7793 7695 288 4006 7151 3557 9322 15 4096 1592 964 80 4452 3882 9854 5900 9317 1749 881 6927 584 334 3456 3543 6701 1761 7919 6772 8621 6439 9794 8599 7994 2792 6110 7350 7083 2871 4203 4920 8676 2438 3861 6281 8179 7354 6076 1682 5386 7166 8776 951 4354 2620 3403 511 6906 
0 
59 6507 2417 7337 6425 5206 5031 8890 2253 4834 2401 3267 6500 4703 2591 4394 2331 6547 4003 974 5603 8253 4127 1585 1320 4992 6878 406 9367 4371 8348 2251 2015 4819 6884 7273 6689 7628 4911 6736 4846 5338 5858 9493 7391 1107 7562 8485 3066 818 5173 3859 7192 6377 2306 7764 4962 265 5988 1648 
0 
1 5634 
65 1574 4661 2711 3492 6578 8415 1407 8833 979 5307 5901 3225 7349 6747 2680 1602 4110 6233 8325 3336 8147 7802 5550 9871 4428 8538 7620 877 2500 9334 8341 8223 9122 9630 8707 6649 5773 2684 9726 9085 6777 4770 9746 5620 8361 8071 6370 8888 4449 2824 4850 7524 787 5391 2170 6988 5161 1270 5489 1991 8443 7747 4871 9481 5666 
60 9180 8315 1599 1925 8568 314 3972 8017 5462 7969 9052 432 653 4175 738 3443 1854 3297 9753 3430 3678 6872 3637 1647 84 5169 3454 3174 2833 6063 1188 1885 1453 3672 9098 645 8519 2447 4609 6678 9518 1850 7160 3933 8275 7665 8326 7461 808 7052 9878 7616 1333 6012 9687 4548 282 2296 9932 3595 
0 
61 3709 1752 9117 2813 2205 3598 8130 9129 5148 5251 7715 7185 3949 3114 4231 7054 3651 6538 8154 9554 2274 4388 7304 1683 9368 9983 2355 5417 9769 8334 8279 1667 5804 9196 6432 2432 3013 3253 6526 2941 6875 5641 7571 329 9574 5339 3572 5217 5589 2978 9686 2962 8197 7100 8682 5374 7004 7422 1791 2217 4644 
63 7653 3233 7781 2803 7235 8903 8797 1410 2526 2051 1907 3292 8046 5224 8924 8968 6286 9172 1485 5510 3865 5382 1986 3506 7000 2857 7785 5137 8591 8278 9694 3132 3983 5214 5758 3599 8087 2945 9046 538 4261 2022 438 3217 8212 7254 7017 3673 1481 614 1841 2427 3351 2533 7521 5586 4680 2789 6435 7885 6843 7534 6491 
0 
2 7833 7136 
56 1566 7633 2830 94 6770 1285 665 429 5483 7295 1462 4082 4278 8970 1238 7393 9393 1767 5838 8123 6256 5904 6171 1166 5292 9228 3368 7623 8135 5978 7159 3895 6850 7365 1584 3754 4763 8800 2490 9711 6913 9206 5710 9377 6478 6086 6713 5985 516 1615 3404 4512 5897 3188 4539 9212 
4 8033 8725 2234 6613 
0 
1 4172 
0 
0 
62 1572 1204 2351 7015 5966 8586 6030 1175 5181 7790 6766 2053 8006 5435 8328 8249 841 6160 5879 6697 4064 7863 2020 6018 9280 2354 8038 4011 1135 4120 5842 5095 6282 8051 9214 7236 3571 3884 1623 355 7262 4439 4711 7874 9519 6109 8531 8252 9813 5560 1449 7746 6360 3607 3308 451 3008 966 2901 2783 3748 4300 
23 27 3264 7575 8634 1888 7163 1081 6800 4504 8191 838 7167 5331 9676 3372 5923 8580 2035 1922 2159 6536 748 7945 
68 9413 1466 8698 4501 9288 6687 2069 5914 144 6117 540 1024 2906 5423 1715 2236 408 971 5079 6309 435 3821 261 290 7812 4888 7409 452 6183 9057 8659 2408 3360 1102 4925 9381 2869 9424 3102 3799 5013 1611 3885 5617 7943 6682 1394 4491 7669 3413 1274 7567 6583 1811 6499 1209 486 7518 2712 9927 4518 6755 2380 1313 5551 4097 7260 647 
65 7138 2265 1143 286 5049 2890 1067 2263 9804 5566 60 931 4636 813 8410 7800 250 9133 4465 6162 5369 3683 4559 5397 6609 3825 5963 6454 3416 6368 3584 4713 6544 7058 3692 9430 369 6653 9169 3376 4738 4070 4143 7961 7283 9512 5871 3874 4537 699 8836 5665 4008 4571 9285 638 65 7089 9383 5789 4339 9431 4747 6804 6627 
0 
0 
5 9058 2150 2758 7080 4904 
57 4189 9194 4349 4246 8386 5213 6623 1590 3746 9454 4718 8726 2868 2136 8553 4205 8812 9425 1427 6708 2068 2760 7824 5699 8939 2465 8390 6406 3382 4723 7844 7075 5956 3639 9659 2181 4404 7285 4894 4663 1755 5607 2579 3578 5380 809 5615 2095 5261 8218 5780 145 6960 946 6546 3375 7364 
68 681 6229 993 4671 4303 9166 6857 4091 8118 5115 2305 7481 6150 1554 9115 4408 4053 1276 5610 3033 173 9182 2322 6473 1193 9203 9376 1688 5304 9821 5018 2720 2606 8938 6811 1829 3003 7099 3180 6998 3213 7514 8029 8034 2702 1803 9171 6349 6514 162 885 1529 3022 312 3424 4746 2478 9001 4619 5471 1464 7966 9829 8945 5418 3107 6216 7527 
6 3448 6056 8544 4967 8172 1134 
64 8598 8057 9960 3782 4170 128 6416 5387 7084 8936 2746 3118 7637 2710 3573 9395 793 1370 5028 2373 8214 6672 9993 5791 9906 9311 3981 5427 643 3152 95 4477 4756 4125 9469 6940 5419 7103 307 8839 5078 1844 7797 3787 9275 7736 8359 8202 8965 7520 2926 2257 6356 9863 8077 4872 8959 8928 4268 7322 4014 9527 1363 1199 
63 156 1826 2672 5524 4922 5583 8027 3781 7279 8063 629 1293 8711 9989 5170 9939 3905 6236 4229 3212 6015 4579 4431 8008 4873 5282 1280 3317 9455 7114 1353 5540 7172 5505 8242 8401 211 507 4162 6336 3244 1582 8795 9028 1200 5264 3591 5358 9608 9903 7074 2812 8554 4666 5110 1937 5398 852 4461 2556 3913 8096 6148 
68 3187 6424 1753 1130 1364 457 417 6871 2963 6910 5680 7723 5783 473 320 9571 2313 9059 4630 8004 3069 8593 3229 5035 1419 2928 67 6085 6206 799 1847 9261 5820 6418 3495 4109 5594 6807 3068 8116 2128 5655 9749 6193 9269 9357 1703 8102 8287 7252 1669 8576 8606 1786 8736 2866 192 8061 7951 2268 4552 7371 6524 6542 9109 4821 6051 5885 
67 4052 3562 1359 3119 2554 336 2916 6961 4607 6313 2126 6753 5126 8375 4313 6299 9456 1998 150 6764 2477 1871 8483 2955 2243 2028 5440 3194 7267 8801 403 9068 6137 6060 8883 7491 9716 1598 1272 9513 2379 9709 2319 1955 4016 1180 1284 2455 5663 7092 1827 4912 4624 6593 1874 692 9633 9134 4412 396 8024 2273 7123 2456 9860 8194 3232 
0 
5 9151 7851 9581 7320 3516 
5 5005 1777 1477 5601 8997 
2 7232 3139 
0 
9 9967 8076 2562 8476 8617 1063 8331 1065 5745 
0 
8 779 7625 2064 2707 9760 7333 1563 2045 
8 9751 1380 9457 8042 8067 875 3945 9316 
0 
0 
21 2090 9130 9123 4126 8673 177 7680 4483 7473 9812 3146 9552 9931 4191 772 5602 3965 1463 8354 4859 6957 
14 8530 1174 7405 7597 8215 895 7231 4861 4876 6297 1008 9271 2172 827 
0 
30 2156 9718 3044 9592 5456 2058 939 3830 9362 9660 219 4679 3742 6574 6862 6145 6993 3942 3514 2226 3960 9144 6528 3566 2458 9102 988 2356 3593 5363 
9 3405 2797 8793 4325 7472 7727 5752 2726 6373 
28 2996 3235 9224 2860 1390 1093 1904 3647 4938 8700 9835 7522 2426 6728 2800 2982 379 8028 3602 2602 9846 348 122 3749 7266 5328 8467 8664 
0 
64 4065 9328 626 4754 4751 7219 16 9636 2578 1241 3716 8681 3537 3091 4597 185 4089 8263 1895 4885 9274 9634 5749 5036 1045 2188 4952 8956 6082 6941 3759 2761 5220 7199 5943 254 5622 2110 3004 8804 4056 6964 7710 8703 6870 4939 1077 9684 4283 9374 5575 5158 4927 1181 3959 9828 9398 3958 4832 6390 5562 3006 7688 5255 
0 
37 8653 8166 1909 4917 1465 171 1760 132 7467 9107 1127 437 8728 7291 5592 686 6581 5894 1147 5606 4761 1783 4814 7630 8310 1231 3031 1252 1273 3999 8656 2366 9744 7498 6 6661 5776 
38 280 1807 7922 2042 2614 6790 5308 7180 289 6027 1898 1541 8848 2601 9220 8122 9035 7068 5291 1262 1146 1358 4855 1052 5662 2292 3293 9567 6195 148 3282 8064 9245 8881 146 7987 5571 7868 
38 8669 5209 6890 5965 9408 4710 952 7980 9540 9745 9310 4545 2207 5502 3813 9910 9575 1444 4376 8332 3061 533 998 3129 5394 3891 3718 3550 3428 4606 2222 757 3699 8838 3838 5342 7644 1716 
0 
37 5703 3025 1531 3921 2769 5109 3954 5258 9462 6049 975 6419 5406 3675 3166 4856 7536 4443 2412 8722 6208 6175 7196 2364 2047 8300 9946 6381 1561 1476 6401 6070 1041 6241 1005 7101 823 
0 
43 3756 7606 256 8503 3855 9190 8615 8575 5525 1076 5693 6395 2574 8349 4575 4831 392 8131 4782 8159 8144 4179 3011 5994 1771 2739 3389 7763 4737 514 8333 9405 7357 5636 9532 3097 1987 469 7055 9201 1951 5702 8772 
46 8502 5326 23 6461 5721 8919 3201 9669 9139 5896 4694 3151 6361 7316 4457 6296 525 3330 7122 5701 4547 9490 4813 3175 2837 1457 6451 9050 6977 4522 471 4010 4595 279 1335 2543 1534 5172 9496 8633 7360 9022 3998 4061 6311 3045 
0 
56 7427 7901 9688 3833 9568 5545 7244 6620 1429 678 4983 4252 1547 2637 2748 2738 7927 2525 4562 5235 472 5070 5192 5279 1402 2923 5689 7312 1553 3220 8871 3896 7124 903 9893 1224 5186 8233 2259 8817 8452 9663 7913 9210 2363 2392 6209 1869 1685 455 415 3779 4561 7246 2999 2959 
0 
49 8372 9740 3551 1842 8565 3919 2252 1505 3323 7667 5671 9803 9238 1151 3243 2403 1620 2132 6188 1643 4153 4988 3490 5428 7157 382 6742 1439 4934 5541 8196 2321 2453 3255 7095 2277 6118 8806 3725 6089 963 607 4790 9572 3527 2618 7125 6838 1930 
44 7794 5613 8227 9787 3324 3064 1560 5999 1562 6966 8594 6634 1770 7278 1836 2303 6740 7190 7091 8878 8813 865 4132 6951 4943 4351 2949 1567 8497 5688 9465 8537 6232 4649 7825 7535 7198 2210 9972 3542 5017 4608 7156 8487 
0 
0 
0 
59 3363 5673 2086 9850 8170 2005 6231 5128 6983 9612 1178 2144 9258 2167 7361 8679 7880 7317 5301 4031 9260 7484 4665 4544 9862 6456 5828 1321 1929 580 4851 917 3470 3418 4106 4310 5628 5554 7684 6863 8868 3077 3365 6372 1722 9333 5452 7501 4155 9523 8672 2203 5549 172 3148 6404 8583 7805 4707 
57 2378 3198 6720 3681 5511 5247 9378 3442 7992 3757 5051 949 2920 7513 8001 8000 3185 8469 4527 4691 1290 3797 3407 6693 529 8666 6174 989 7692 5695 492 7836 5081 1 4836 8396 8571 9641 6469 495 8340 6880 3358 5932 9819 2294 8685 2261 3354 7050 3906 7938 7697 518 7270 869 3826 
57 4049 4949 4796 3911 3501 5537 4217 8327 3009 4933 4639 8381 8285 9235 499 8377 739 6630 5856 4204 4921 5309 9677 3290 5913 9043 7346 585 264 6545 4727 1050 1632 4321 2333 646 9758 807 7098 3000 1157 9638 9379 5316 7799 2065 3800 105 1958 2510 4682 5926 2067 8353 5021 3918 9841 
0 
57 9321 4398 2766 5967 9756 4870 9933 5751 961 3844 6410 6005 2137 7974 1055 8727 8532 3558 141 6328 1679 1301 4489 9815 5420 6976 1933 9303 8639 5720 9796 2225 1713 5924 2224 7932 884 6039 1246 8973 967 4863 6934 5762 9610 3627 9905 7583 9766 4459 1765 1263 2357 9916 2670 7294 696 
61 8995 8407 1831 846 5889 7475 736 1051 3410 8471 6242 3731 2840 8201 365 6369 9350 6919 9044 5769 8238 5068 2513 8369 1799 359 6882 3095 1056 2675 1936 57 6706 1114 7758 9047 2341 5242 6288 2988 1591 3976 6525 4220 6108 8951 6986 9508 6289 4721 9034 121 3014 253 9023 103 2031 4714 2213 4037 2810 
0 
0 
54 570 6257 4433 416 7394 3005 2570 2239 7383 6844 163 2391 5353 9406 9495 1759 7468 2919 6690 1516 2924 2474 8437 2044 8512 8020 6345 5075 2348 5443 8990 7888 8210 4470 5098 2521 8444 2208 5754 5321 797 9468 1086 4907 714 3015 3547 7107 5430 587 8744 1522 1350 4353 
61 9742 4581 9243 9913 1339 5529 6493 7161 4560 2085 4165 9963 4788 1412 8609 6686 2021 9851 550 2183 1668 5533 5694 1960 5611 5063 7532 1873 7953 2369 9421 2287 1456 9297 5806 2299 3378 5927 1884 6219 8735 5143 7862 8075 4362 5120 6317 2063 1728 8343 5275 9320 3197 9987 2143 2075 5635 8360 6133 1773 126 
0 
63 4616 9445 8983 1556 502 6474 8282 2965 4655 4677 6464 5351 456 1340 5639 22 1609 1007 7955 9690 4857 7776 7334 2255 2382 6025 924 2811 7298 1142 7757 6226 6930 8370 4164 6946 3432 8269 8230 7241 8457 3768 959 315 5992 9691 5558 3688 8192 485 5582 2862 749 2105 3979 5960 7772 9349 1551 1235 5044 9802 8265 
58 4804 8561 9360 4066 4390 9336 7183 6699 4442 82 4156 7430 6746 8957 4069 6128 6994 3480 8641 8262 6567 1360 8677 1493 5404 3453 4410 9672 2893 7310 802 2462 5880 1156 247 1265 3822 2473 9294 9396 7780 201 5004 6066 5873 7897 8802 9924 634 6828 6305 2911 5618 9866 8514 7718 4184 2249 
0 
56 207 688 1062 9584 9506 7253 6382 4186 873 5144 8462 6727 402 4809 5315 8840 1219 7024 3508 6586 7531 5770 2699 2495 2080 9233 5015 568 2970 7271 7212 1977 4059 1654 2899 5980 6900 9801 4778 9105 8809 6116 5824 316 3910 9342 2667 6784 9041 5285 3931 8784 3872 3422 9510 9724 
0 
62 1817 7186 6497 6879 5903 1751 7648 5171 4018 3851 2057 2375 8790 679 1784 7768 3803 6562 943 7455 9056 9720 9012 2502 8145 7007 1483 4578 5135 6072 4146 1927 9209 6302 8837 1781 9671 9156 4475 9597 9088 8704 6834 2621 8411 1331 9193 8433 4039 754 8777 3943 652 5344 8893 3664 9731 8092 6650 8816 1177 7936 
57 1577 3704 7704 5532 3575 5185 2244 1417 9621 2168 5860 9915 9537 5857 4015 5506 5274 6750 3784 5045 7037 8623 4101 3982 1436 5854 1744 4160 8650 8124 758 5642 955 5154 325 2700 7093 8379 3466 8822 4285 7434 3294 1232 8010 8763 4733 8174 262 7386 205 769 4643 3769 5991 1868 6413 
56 7609 1846 553 68 3618 1442 6815 6912 343 2642 7110 3854 9461 4194 4370 734 7419 718 7352 300 6849 6510 7308 3464 213 5786 367 4434 3650 9140 2231 4103 4865 2307 9706 3773 5335 6937 7057 3497 5902 3070 2856 752 5337 9667 5795 5633 4913 3962 637 9968 2957 6537 2367 7460 
0 
0 
0 
0 
0 
61 9988 2091 3482 3701 4067 3659 8885 3866 2535 4009 8072 6985 1203 7028 9078 4185 7916 1120 2646 833 6914 2891 8892 9372 609 683 3065 4420 522 5426 6462 611 6111 1616 5487 9471 4654 8491 3222 705 5708 549 3761 2073 7269 3862 1658 6774 4999 5232 3661 5527 5569 3355 8060 6823 6633 4556 362 202 8395 
0 
63 5919 7662 8453 7613 9589 2793 9200 1983 7335 8120 5668 7367 7769 1604 1095 5348 9599 6902 380 420 5277 1671 5322 360 9173 2052 6582 9497 8665 3415 3893 1352 4128 1409 713 2508 4378 1918 1848 7292 2488 7510 3638 9693 7506 6641 7454 8163 9879 5765 2694 8363 6577 2093 3993 5918 2441 8236 1327 9330 9410 98 8465 
65 8099 7313 1512 1893 1768 6151 5942 8003 968 4151 2930 1217 2138 1996 134 4387 5772 4025 194 8493 6037 4262 1092 4440 7983 2124 2262 71 6809 7884 1103 4368 3096 700 4080 5479 8960 9021 17 4812 6527 1619 6270 8301 1355 3230 8229 3823 712 2987 3713 8112 1254 7770 882 3328 3522 2123 9971 8151 1738 6732 212 5269 411 
62 1769 558 2765 1035 4766 4765 271 4937 1700 1124 6000 5705 8526 7412 8737 674 5887 7869 5523 6472 1207 5578 7771 2656 9222 2977 2404 2632 1458 8490 9252 5646 8190 6106 8773 9553 8023 2690 5733 7964 5047 4269 2605 4744 3980 1646 5243 4296 3224 6887 9557 4297 4228 6506 5787 3652 6883 8771 7654 2956 7187 6246 
57 6603 4447 1424 182 5886 1014 874 6459 4050 7482 2394 8368 7691 2774 3195 7660 848 8025 4334 8862 2986 4515 1618 1695 9739 7001 5330 5972 2540 6540 3287 4149 4406 180 9928 4086 7070 5630 3397 5544 2471 1019 3655 2884 442 7332 7544 4840 3207 7900 3072 9580 4586 2493 2879 2157 75 
0 
66 4071 1764 8394 3765 3460 1037 9304 5461 6407 9772 2036 2101 2429 8320 5125 5424 4478 5296 8005 1810 8723 7765 4095 5793 4728 7672 3553 2148 5024 7701 9824 9256 5767 1636 6453 2658 2697 8217 3596 4534 9509 6853 3089 176 5494 4626 6194 9086 7204 6517 5381 4319 4510 7453 8522 7604 2505 453 7214 2902 9650 6264 6173 5690 6511 1778 
0 
63 3155 1377 523 1365 4951 4944 8052 3612 9754 215 7621 9467 6112 7561 4724 9451 4174 7651 2931 5412 5998 1405 781 8446 3390 1879 6892 305 4213 8780 2872 9564 2130 5248 299 398 1732 7079 8107 8016 4786 9401 8692 3052 7255 1388 9682 1953 6926 5085 732 3948 4531 6709 8100 1820 9423 4793 8619 7841 283 2661 7417 
0 
63 9049 7914 3265 4662 7946 3630 7581 2469 3811 3455 3266 5654 221 8257 8569 1917 1735 6312 9314 5821 8211 3989 6069 8318 7275 7525 9855 6378 4402 3730 6176 2645 9008 7882 2527 4113 5076 2216 1906 1789 3790 1565 5139 4464 3792 9319 3624 6723 6917 5155 932 5599 9291 8527 4646 3988 2329 937 2814 6235 4965 7165 3436 
64 8551 3288 7343 2332 3579 9685 9042 9956 2145 7579 2013 8766 3186 1300 308 5742 2194 2937 4577 8794 2590 6191 933 9116 1303 1144 2463 6908 2534 3609 6895 2185 6644 407 4525 263 2200 7570 2118 7479 9432 9000 3736 7565 5364 723 6420 4848 1297 9637 2197 894 2990 1119 41 8484 7029 4674 4422 4540 9296 5410 6017 7820 
0 
63 2805 4077 816 3991 2365 6992 34 4458 1809 7986 8237 8966 208 3667 6866 4524 9240 7483 8316 5293 1118 8655 7942 7284 6354 4316 2389 2852 1176 9135 777 2413 2615 559 3437 8860 6306 2568 7999 6965 5357 7003 7314 1084 1992 1078 8998 8408 6694 2905 464 8779 4337 6059 497 8416 3758 2467 3540 1665 2791 6576 5211 
0 
65 2851 666 7205 5944 7787 5334 5908 8781 5153 8324 9175 4622 6504 2992 2468 2782 7915 3520 3465 5748 6535 4055 3774 3144 7761 8089 8857 6434 8691 7247 7005 125 866 1662 4669 2187 4549 5627 6963 1950 2660 6759 3007 5920 9199 3140 2773 3691 2089 7445 783 7666 6335 4884 3239 5459 1361 4274 5054 1184 2781 6663 8753 5486 8636 
66 746 8090 9440 3169 554 9075 6093 6635 7982 3867 3306 9073 4476 1239 6255 4304 5058 8913 1322 8620 5556 2541 3780 2233 6675 9153 313 2867 4047 3392 9703 8931 2276 7846 2014 8142 5504 1504 4177 8908 8764 4051 303 6725 4860 7624 1748 6333 3935 7193 7250 8157 4613 3498 4326 374 1790 6832 4411 426 9613 3120 2444 9015 7774 7162 
0 
61 934 3902 7642 2550 4632 1066 2384 4415 4910 7177 8418 5478 6267 9485 3556 6218 6300 2624 5403 8055 7036 2547 1158 3606 7282 5661 4430 855 7612 8886 9996 9673 3400 4623 6396 8720 2492 524 7168 7550 3017 1343 5888 160 2619 2784 8088 2778 1580 6201 4688 4702 3406 5491 8743 6320 4775 2528 2659 5723 582 
69 7782 5062 8724 3210 6347 1437 7251 7120 4957 8699 9515 5086 3275 908 2359 6643 6359 107 8256 6550 7045 1248 413 1104 8889 1908 6098 4835 709 710 5782 6253 6716 5947 9390 2077 1122 9483 4656 9103 7181 3419 1741 5841 2402 9985 1075 2641 155 7145 6592 2875 8905 2336 7128 2376 3112 9865 9353 6013 6153 6008 9003 5774 3868 6830 8898 4978 7577 
0 
62 152 1938 3104 9727 9826 6600 8431 2012 1278 6102 5574 4250 6322 7381 4093 3479 184 1302 4117 9149 111 4363 3565 2260 644 4456 9651 5108 6298 2967 965 7587 6904 6134 3978 5485 7737 1351 6712 6938 370 3252 5194 6383 1324 118 8521 5221 7019 6141 9713 9805 6921 5032 6673 9388 1106 2809 2007 4977 8385 7272 
0 
0 
58 3875 6791 1038 188 8851 9755 5696 4386 2201 8108 7572 8834 93 7840 8292 1882 5496 9126 2286 5311 2943 2651 9127 384 4582 8821 6178 6429 909 1418 4288 8901 1068 2581 1606 7834 8336 5672 8271 9016 7067 1234 9265 4816 3087 5872 2025 4593 3450 9962 8117 6495 5849 2915 2594 7806 8887 3818 
0 
0 
0 
69 4764 1568 9031 7708 1805 4808 7638 40 8438 2293 1080 3050 2147 8663 9165 792 6105 7988 2334 3489 9986 1253 9327 619 5474 4822 4990 8815 4565 7370 9655 954 339 8137 3054 8560 1664 7069 2387 8996 5174 2411 1581 5043 7127 463 7403 3969 9834 3338 4024 3990 5088 821 4468 1479 9025 1762 2514 3457 1369 120 3956 1399 6680 8470 9343 9700 2504 
65 7995 5388 4166 9441 7496 5345 477 2037 1325 5400 4784 8884 1588 8954 1994 1131 6676 662 2266 901 6230 3648 5142 8877 2763 3055 6674 4689 3124 2818 2004 8066 7962 1094 3786 4488 6539 618 5884 3325 8626 1087 8086 5893 867 8101 3309 2443 4409 9301 8045 5359 1812 8712 843 3311 4600 287 6332 6842 7978 8715 7908 1993 2149 
60 3423 5354 1539 2202 8927 8850 1140 3679 8624 9702 4123 4192 167 4486 43 7541 794 4444 6277 3908 1852 1526 4732 1069 140 5411 9845 5761 8915 8140 5104 7053 7378 4700 5187 9077 6877 536 7023 2460 847 9965 2081 8785 2461 9225 9536 4908 1281 6745 6415 2779 6972 4695 9071 1027 2585 7399 3555 7917 
0 
62 3353 13 5645 9038 5008 4794 4660 5377 9128 4529 338 2701 6292 7286 5796 2838 771 2794 1012 9415 8876 1555 6276 7670 2509 5951 7108 636 1948 3771 8094 8963 2657 1963 270 4845 2714 5037 3552 4541 3615 9911 7366 7749 9298 9313 4620 9631 6541 695 6782 2927 5936 2275 4735 3467 5621 4881 6480 2406 9770 9346 
0 
62 701 724 7179 6931 3258 4507 9459 1822 7528 5416 4867 784 6622 6703 6099 3040 3203 6874 8036 8687 1532 6860 6715 8652 9593 3817 8335 2520 600 9118 1905 9935 8362 6362 2757 6078 7206 8133 7210 1931 9922 8608 6691 9142 3189 5933 9402 5437 8127 7512 3135 6260 9069 8219 9517 9778 7726 8317 7362 7655 4690 2288 
66 2038 5798 3179 4878 1040 810 7014 6475 5669 6756 404 3898 7436 9147 1677 3300 4950 1433 5159 2689 6795 9818 6856 5983 3035 8976 7596 5852 5198 9501 3568 2204 5067 4312 3458 2631 9683 649 9981 3408 6695 1480 6087 4899 4554 9578 1949 1663 8474 9167 8510 5408 9170 2422 6327 806 2501 4380 6029 2291 561 5042 5227 496 7887 7641 
0 
0 
0 
0 
0 
58 6975 3832 994 726 2330 7694 5472 2971 7109 7116 3380 6657 4730 7065 2450 8423 9949 2788 2511 4726 21 8260 3548 5442 7877 2577 4382 2576 1498 7146 7018 9325 6323 3574 583 5651 4389 1471 5468 1101 5866 7954 4810 9486 8302 7618 1815 7121 8068 9064 9293 4998 8187 2431 4767 3570 7690 9403 
62 602 5147 8472 4989 548 5069 227 4318 2396 3907 3283 2912 3881 2154 5580 5784 8506 3777 925 135 3608 4564 9218 3635 6780 8345 9160 6291 8675 751 8475 5373 8129 3837 2663 6343 1652 268 8303 1733 6558 4333 8181 5892 5753 1110 8922 195 2991 4631 5864 6002 5231 617 3074 8290 119 5915 5930 5836 6730 6614 
0 
0 
0 
67 327 3387 6956 1595 8654 5528 854 7864 3932 5263 2815 4152 5945 791 941 4969 4692 2499 2917 5969 409 8477 2799 203 1708 4168 9780 2935 2548 3975 8231 5874 8185 9185 9002 2010 3463 4340 7898 904 7585 4305 8056 3714 6571 8524 4253 6144 3726 8635 5319 5305 2454 5402 1947 7807 1316 2828 1022 340 3474 6217 8216 3529 2494 4916 6207 
67 78 5262 1691 8971 1186 2557 7929 1862 2003 1608 1220 304 9549 1165 4302 91 3871 9762 2289 9499 5976 400 3398 9842 1309 8562 2370 3795 345 5848 2682 7588 2666 8762 6048 5790 7546 6079 1013 2070 7143 7879 9920 6314 4429 5469 6662 3538 4324 9849 1443 6911 7523 8032 6818 1939 5593 6068 491 8986 8270 3202 4923 341 7886 1637 2451 
0 
66 4078 3256 4634 5939 5503 2954 3333 1976 2640 9120 1776 7485 2218 9831 6411 2096 1368 1420 4348 4889 2722 9254 5297 9526 3191 1709 1172 4667 2092 7300 6665 9389 9800 1530 1866 1382 9598 4129 9066 4094 744 1710 4742 2997 5616 6004 8729 9331 6548 2597 3995 2302 7306 5660 6011 8695 9679 7930 2737 5375 3062 4135 3530 1793 6588 7555 
63 820 3123 6982 839 7448 446 8717 7323 8053 2323 6123 2221 5052 3205 9272 7227 3984 3429 5935 3532 1020 168 991 2062 7766 8769 7990 3303 3199 5808 7276 3920 4883 4027 830 2425 985 5498 3852 9511 8161 2127 2361 1478 8557 6342 3521 9364 9348 6053 5946 7289 2976 8241 5882 7478 9474 2119 3719 7997 2634 1651 5193 
0 
62 5014 8267 5383 3929 4797 2874 7042 6509 434 3412 7721 4076 1750 6036 6752 5875 5512 6553 8182 1083 7450 7071 9857 310 5395 567 109 6187 4603 1294 3441 9024 7184 9757 1840 3499 2727 297 4780 9480 5572 3666 6132 6468 4234 786 3523 7818 298 3586 7228 5677 9277 6366 5805 1629 5609 8978 5029 6088 8670 9600 
64 5832 3236 1942 9957 8523 4757 276 7894 1863 7742 4195 837 9721 7870 2129 4377 7338 6978 3341 8627 9339 3176 5687 2097 199 822 4212 1244 8115 3778 6337 3828 8329 9344 6220 9823 5539 1858 4704 2270 3728 3539 5431 4159 7226 1384 767 6903 8427 4012 6751 9032 344 717 7810 5950 8305 1105 7008 8402 6561 7947 2611 3767 
0 
0 
62 1579 3611 1492 8205 9591 7611 3698 9811 6351 1260 1257 4393 35 4514 7061 9315 5850 5163 7931 4500 4652 4062 4497 1630 2897 5352 2066 6010 7509 8864 947 234 6438 6714 3820 5614 6387 3473 2723 4853 9944 8312 7599 3658 8923 9550 9539 9450 8818 1375 4584 8708 8516 3583 9904 5507 7174 7474 4585 6898 5987 2507 
0 
3 9670 6130 6933 
0 
60 3590 8085 2496 9868 4807 915 3640 7060 1398 9816 5020 4181 7022 6341 5670 8577 4589 8274 204 6268 3313 4243 5083 1524 8844 3284 5080 3251 8925 8436 914 99 4280 4207 3576 8425 2174 1366 2592 5179 9226 9639 6047 9369 8456 9514 9881 2491 4407 8846 9476 480 378 7553 2532 8268 9838 8805 5738 9154 
66 3016 5465 5160 3720 8207 5973 9492 2512 4896 817 8613 6922 504 5714 703 8442 9477 2745 4745 8828 1603 8783 1317 4272 7336 1723 1206 7432 7941 2878 4930 603 5122 9177 1171 4230 2326 388 3047 2740 3928 5393 4572 1201 6987 6034 4216 9373 269 3221 3165 2374 8632 2434 1347 1378 517 8164 9894 1446 9452 5257 5877 8932 7911 7010 
0 
66 7883 625 90 8447 8678 5917 3519 4717 9984 4 5910 7519 8765 8651 2295 899 9121 9585 5157 6817 74 8680 465 620 5530 8153 1460 1742 4379 2900 3136 1406 5833 2617 3894 5718 6365 1496 8529 3535 716 8900 7133 6775 72 2827 3342 28 7 9114 1155 1989 6489 6602 1978 4961 7164 240 9113 8918 8298 7593 9782 4875 9837 9604 
0 
59 8220 1109 2381 7297 612 6245 3383 9699 3322 3417 4391 6481 5229 8500 7201 9622 9583 1306 8458 9308 4542 878 4019 6954 5281 92 2724 6508 1314 2882 1819 8168 1887 1088 7218 7813 7848 8563 9239 1729 488 4932 5141 9399 6771 9950 6103 5521 1237 1404 1428 4698 3101 7850 845 2587 1864 1921 7456 
0 
68 719 1587 5552 9814 5130 4392 4543 2000 9227 5129 9606 422 3291 1961 795 2106 9864 2410 4385 7993 2892 6084 6385 5059 6705 9412 2325 1988 8824 510 9287 2235 3585 1892 7363 5356 3370 2951 9040 64 2227 6939 9017 6967 535 3967 4731 6071 3307 9305 9306 7658 1318 5286 1546 948 1957 892 1509 1634 5256 448 8574 8240 7153 233 4347 8392 
0 
4 1179 691 6261 2139 
60 9888 8404 2583 8434 6294 4099 9286 8204 238 9825 8933 5446 2908 3420 9324 3887 5355 3481 3105 1861 1825 8347 8507 8661 1544 4294 805 628 3801 9547 1416 6786 494 7081 9653 7563 9901 5061 1510 6608 7303 6290 543 9789 9198 2483 5091 5009 6324 8845 1705 5678 5372 7839 4708 5851 6055 2338 960 4964 
0 
3 9832 6885 5260 
69 8858 138 6557 6980 3128 8143 9891 3582 5333 4716 5868 1913 2279 7406 4673 7441 5457 8517 200 3167 5012 5023 5366 4201 7906 4882 4869 778 1034 8435 5817 8814 4918 7586 5114 815 3677 3301 9119 4033 4610 2327 8847 9647 5131 3162 3776 4499 5697 6346 7548 4445 6852 3023 8160 735 5101 9124 2844 1227 9347 6762 1550 1136 7066 5007 2582 3634 2436 
63 5254 9340 2163 8961 1271 5756 7115 4214 9219 4926 3696 7147 7144 1740 393 8564 4282 5587 5253 87 4306 4929 4684 4435 4021 2397 4612 3705 5073 376 7948 9091 6100 4258 9323 2419 4244 5252 8041 1684 8419 6788 6894 5165 3115 4563 5025 9318 4267 8648 7601 2559 44 9208 1798 3796 5526 7435 2400 9018 9404 7756 3399 
2 2603 5604 
68 4891 4960 1472 6021 3505 5492 5564 61 3476 7798 9095 3036 7865 8176 956 3170 2679 6559 3912 5425 1259 2558 7875 1622 3986 1889 7213 5289 7429 1128 8482 2944 7973 1968 2939 5477 2193 2979 3641 3814 1161 4645 1240 9174 1702 7573 8403 5111 5722 9840 6101 351 2109 4108 4664 4367 547 4437 6028 3697 3645 1739 764 3080 3504 5823 6422 4659 
63 4611 2414 3632 405 8710 450 7552 7020 7867 5436 4030 9494 745 5303 4134 9990 1098 4289 110 5659 2735 9090 8222 3314 4825 8686 8371 4343 5379 278 5652 5648 6621 1495 324 3088 8259 2131 508 2192 1649 4725 7170 6645 765 137 2669 2160 5445 2282 149 6251 2211 427 8731 5092 368 5698 1211 4254 6625 419 6091 
3 8450 295 2440 
64 9191 2209 3145 6891 9246 8128 687 8513 1205 598 3396 421 2212 2801 6519 4350 8873 5390 3724 9658 576 3487 4040 3280 3402 9332 5488 9309 6143 8007 1494 3747 3684 3250 8288 8667 5287 762 2113 6476 8291 4357 6589 4668 5203 7113 1982 7659 7197 8323 1454 1518 77 6929 3760 677 2616 3985 8070 936 9873 8114 7502 63 
4 9145 2600 2734 835 
64 4768 9696 8948 328 3656 5156 5553 4480 4034 879 9096 3733 4314 1229 33 3625 3604 3100 1121 4432 8206 8511 5413 2011 6590 2116 7056 1952 9736 6757 3477 2032 6611 4538 3869 7881 5816 7027 7762 3394 5271 136 9132 4075 4485 1900 7220 1108 2638 4320 8533 7705 6660 6654 2706 8953 4237 7729 9094 5050 4526 9643 5065 5107 
58 9371 3452 4994 7329 9732 1675 2479 9790 9489 6710 590 1342 9437 4193 5843 2595 5508 9970 4818 7355 2825 9249 8855 7589 7740 8015 1774 6873 7088 8597 4335 4955 2972 6512 613 3046 6443 5986 6604 6285 5807 364 6477 3626 2566 8739 1112 8542 3946 7152 6447 1015 5948 5712 7921 9555 6279 9914 
4 1434 6340 2368 2921 
65 3831 1641 804 7047 1312 4122 5077 1139 3682 3763 6374 6563 9263 706 4887 5683 319 4566 8251 2179 9436 1883 8150 5314 4844 8505 2153 6585 9628 7989 5219 4986 5450 5800 5191 5519 733 5643 2445 9624 5495 8199 6394 864 3395 1357 7182 506 1966 9004 2177 737 6490 6901 4384 467 7843 8585 6157 6587 4111 4418 6596 9418 2423 
61 2717 8709 2698 9447 9791 1704 6482 8625 3350 5298 2664 6280 8417 2770 7379 36 9994 7703 1693 1074 6918 1168 6648 5249 8536 1650 189 8255 4199 3271 623 4676 6530 7750 414 8321 8186 4451 6199 6064 3475 4206 1775 728 8209 242 6254 8622 3706 6022 181 9788 6159 6397 4699 8640 1503 6865 2678 1635 3082 
0 
0 
59 9159 2636 1030 3665 8657 1330 6819 2459 676 1210 593 4286 3755 4495 5682 2301 4975 4487 6436 5343 5704 8309 4833 648 4591 8552 3356 7949 1261 729 1249 6147 7615 7564 8276 6353 4946 5389 3276 4359 19 5362 7372 4073 5995 2421 9036 7139 9977 2115 8515 3909 3663 3589 2099 655 2565 4171 1445 
6 6440 7318 3039 8103 1711 6812 
70 6430 9111 8579 275 6785 8870 4996 479 1100 7707 9033 2747 5949 5318 7488 9356 5637 9648 7392 8914 8541 2538 1218 1226 4519 9728 9051 6948 2019 2743 4602 9923 4637 9609 5971 5737 1057 5958 1225 7217 6487 1625 4837 1043 4513 9386 7819 4536 6733 8014 2162 1311 8902 3559 1337 3729 6688 7711 8803 6704 8660 7090 4954 6776 1638 4866 5240 5320 8618 4361 
70 2584 8424 3511 2191 2297 3856 7380 6864 4279 9884 3150 5658 3536 5313 5542 5499 9955 690 2762 4356 1149 3037 3500 5100 3545 8258 4460 3484 7400 3563 9072 3488 858 4919 9279 2056 6399 4551 4471 7238 7385 4328 4800 3319 6760 5038 4787 2271 976 246 6896 3597 8280 5715 3977 7619 8690 6077 1834 2498 196 8981 6358 4895 24 1678 1484 9544 3554 7368 
69 6570 1386 773 352 8177 8134 4068 4769 6032 9899 1985 9590 7158 5368 2609 385 9183 9533 8581 5862 2175 9885 2280 7243 9029 3631 6813 3839 2121 6388 198 6749 3941 1392 2324 7681 1383 7626 9262 2229 8420 6417 1286 2598 7398 5929 2628 433 9048 7469 4173 9061 9063 7977 7440 5996 7094 6136 4995 4532 1385 9422 3138 9161 7608 5470 849 6632 1289 
67 3491 962 4473 7760 377 8504 8366 3899 5740 5134 460 5826 1644 5066 73 8281 5022 5167 3326 8022 7240 7202 7671 4396 9548 3743 1395 6773 2780 7340 3622 3923 1642 5265 3646 7233 1830 2741 8373 8972 6518 4893 5422 5415 9867 1006 657 3296 579 1514 8428 1506 1328 828 1277 5538 3459 9576 7396 8559 8376 7804 5216 2668 8009 6090 470 
6 7678 306 3249 4114 2772 493 
4 9738 2849 9141 3190 
65 5482 4801 862 9992 6888 3302 7191 3953 9273 462 4697 9874 682 8756 9407 4621 2433 8649 1549 1132 8040 4241 3546 2050 2178 4002 1698 3926 680 9763 9707 7924 6841 86 6565 2108 4509 3193 2910 9929 4023 7041 913 1026 5414 1843 4729 2588 880 5039 3841 7342 1470 7281 6920 127 1010 1540 8548 7178 7996 7907 124 8694 7796 
59 9106 8595 4397 6214 5934 928 2399 2940 8906 8751 1575 3332 3242 1004 6522 5760 6186 3130 2552 2835 995 9482 6997 6449 3020 3121 9250 6182 58 9299 3211 4839 1832 1613 1763 8313 1624 2580 5087 1569 9541 5684 2575 7465 3994 4270 9953 4360 1981 2567 2776 3289 3083 5432 2829 5481 7854 8314 969 
3 5371 1408 5266 
0 
62 102 5777 4574 1247 7439 6664 5997 1745 6073 4248 2519 610 5925 3997 8718 1932 2674 3745 530 8993 7097 1872 9976 972 3315 3515 8106 3147 9278 7242 5839 6741 9359 5577 5546 1736 4843 2309 3125 1720 7064 9783 6555 4225 8091 3689 217 9680 632 5819 2269 8247 7463 4291 5559 9586 7319 950 3059 5392 85 4087 
2 8074 3764 
66 7849 9168 3075 8364 3878 330 7689 2715 7449 3735 2048 5226 7845 4628 7016 6007 7872 6295 5176 9289 4446 1082 4898 6893 301 3131 8604 331 225 7025 2817 2424 7493 4414 3886 2798 56 6050 6045 8367 8671 5103 8869 5267 8397 8612 2932 139 5145 4971 7169 4209 8716 8169 7048 197 978 4877 7106 390 1079 5591 2530 7315 9982 9577 
0 
64 4467 586 9215 6330 1387 7918 4238 2524 5127 2755 3702 7603 443 2024 1612 6816 9223 6057 1194 2142 565 6711 3078 8245 9654 4823 4147 1796 5306 7043 3034 7893 4421 6119 8975 5295 6400 912 490 5799 761 260 2861 6458 1902 6158 293 296 11 6899 2285 4993 3141 5294 5196 9579 1071 9358 3901 3472 9163 3517 4131 3116 
62 6428 526 9594 1191 5041 5195 3643 1148 1275 9735 5940 8277 5210 6618 1689 3644 8920 5053 1326 7330 7847 8213 9529 6287 7188 1747 8035 4511 4218 32 5581 7012 8578 8759 9507 1511 8614 7129 5212 7141 8459 9516 2023 7814 7920 5449 9859 8388 1633 6569 5812 2731 2819 1115 8830 3168 4890 2349 2561 6656 9192 7207 
68 4935 2652 8607 5336 8543 6959 1192 6155 3950 1422 1053 6718 6520 1441 930 9565 8897 3587 1730 9798 2947 3850 9281 4293 5480 8734 3721 1489 387 9081 4098 4417 7035 1137 5299 3343 3740 4043 1780 2026 7832 2596 3732 2515 6803 6095 458 6805 1455 1501 8126 4176 8706 8811 6293 7119 2691 7791 1881 9080 2189 1255 2059 4256 8307 7215 722 9895 
0 
6 1808 3153 2586 389 4115 8980 
69 2995 4466 8644 7566 4057 8073 2693 8875 7744 8540 5151 6278 7728 6452 489 4795 6990 4395 5223 3192 685 8398 3086 1545 5119 5547 2522 9110 8047 9952 3310 55 7549 2984 7739 3461 7171 8610 9617 5026 8534 3109 8587 9528 100 9875 1400 97 7940 5743 8357 4427 3002 186 8243 4366 9582 2537 9099 5215 6303 3349 1672 9100 7568 7348 9478 1766 7414 
64 9392 8849 2823 4830 8545 8730 3693 5197 9951 3903 4311 906 9752 158 8991 6826 6859 541 3439 3904 2310 7111 670 9270 2320 1011 546 1329 258 7838 832 6129 6484 1838 5732 5775 3512 6334 1341 905 7495 6949 4928 7627 7497 1475 3200 2503 1447 6139 1877 2248 509 6532 439 5650 6798 9869 4516 1653 6806 3531 8799 2107 
7 187 7418 42 9053 3592 3425 3060 
0 
4 6283 2914 9640 8445 
57 7277 6669 3076 7030 6729 6754 9352 1499 7650 1515 5867 9394 6446 106 1064 4521 9733 9178 1423 7816 7195 9704 3127 986 7792 9411 6696 7853 9283 7700 6802 8461 5003 481 8921 3414 4670 3900 6122 6196 708 5190 3483 8393 9221 6431 4798 7970 3173 3840 2481 7537 1315 7471 819 2254 7264 
2 2966 4263 
0 
0 
68 9475 1717 929 8468 7096 2442 5113 8566 3462 3295 6677 8701 2166 397 970 9961 8239 2337 9808 5074 3340 5407 8466 8602 4774 2122 123 6386 8426 7696 5072 8355 5268 7795 6376 5447 8758 1645 1941 1656 6734 7634 6568 707 4558 206 1202 6316 2865 5719 4681 8535 859 8935 9710 5809 12 4197 7002 8374 3366 6737 5365 4635 2155 5707 3708 3227 
